2017-05-09 13:02:38 DEBUG EntityLoader:115 - Static select for entity au.com.fx.converter.domain.Currency [READ]: select currency0_.id as id1_1_0_, currency0_.code as code2_1_0_, currency0_.country as country3_1_0_, currency0_.decimalPlaces as decimalP4_1_0_, currency0_.description as descript5_1_0_ from Currency currency0_ where currency0_.id=?
2017-05-09 13:02:38 DEBUG QuerySpacesImpl:174 - Adding QuerySpace : uid = <gen:0> -> org.hibernate.loader.plan.build.internal.spaces.EntityQuerySpaceImpl@214894fc]
2017-05-09 13:02:38 DEBUG MetamodelGraphWalker:137 - Visiting attribute path : code
2017-05-09 13:02:38 DEBUG MetamodelGraphWalker:137 - Visiting attribute path : country
2017-05-09 13:02:38 DEBUG MetamodelGraphWalker:137 - Visiting attribute path : decimalPlaces
2017-05-09 13:02:38 DEBUG MetamodelGraphWalker:137 - Visiting attribute path : description
2017-05-09 13:02:38 DEBUG FetchStyleLoadPlanBuildingAssociationVisitationStrategy:150 - Building LoadPlan...
2017-05-09 13:02:38 DEBUG LoadQueryJoinAndFetchProcessor:101 - processing queryspace <gen:0>
2017-05-09 13:02:38 DEBUG LoadPlanTreePrinter:55 - LoadPlan(entity=au.com.fx.converter.domain.Currency)
    - Returns
       - EntityReturnImpl(entity=au.com.fx.converter.domain.Currency, querySpaceUid=<gen:0>, path=au.com.fx.converter.domain.Currency)
    - QuerySpaces
       - EntityQuerySpaceImpl(uid=<gen:0>, entity=au.com.fx.converter.domain.Currency)
          - SQL table alias mapping - currency0_
          - alias suffix - 0_
          - suffixed key columns - {id1_1_0_}

2017-05-09 13:02:38 DEBUG EntityLoader:115 - Static select for entity au.com.fx.converter.domain.Currency [UPGRADE]: select currency0_.id as id1_1_0_, currency0_.code as code2_1_0_, currency0_.country as country3_1_0_, currency0_.decimalPlaces as decimalP4_1_0_, currency0_.description as descript5_1_0_ from Currency currency0_ where currency0_.id=?
2017-05-09 13:02:38 DEBUG QuerySpacesImpl:174 - Adding QuerySpace : uid = <gen:0> -> org.hibernate.loader.plan.build.internal.spaces.EntityQuerySpaceImpl@e362c57]
2017-05-09 13:02:38 DEBUG MetamodelGraphWalker:137 - Visiting attribute path : code
2017-05-09 13:02:38 DEBUG MetamodelGraphWalker:137 - Visiting attribute path : country
2017-05-09 13:02:38 DEBUG MetamodelGraphWalker:137 - Visiting attribute path : decimalPlaces
2017-05-09 13:02:38 DEBUG MetamodelGraphWalker:137 - Visiting attribute path : description
2017-05-09 13:02:38 DEBUG FetchStyleLoadPlanBuildingAssociationVisitationStrategy:150 - Building LoadPlan...
2017-05-09 13:02:38 DEBUG LoadQueryJoinAndFetchProcessor:101 - processing queryspace <gen:0>
2017-05-09 13:02:38 DEBUG LoadPlanTreePrinter:55 - LoadPlan(entity=au.com.fx.converter.domain.Currency)
    - Returns
       - EntityReturnImpl(entity=au.com.fx.converter.domain.Currency, querySpaceUid=<gen:0>, path=au.com.fx.converter.domain.Currency)
    - QuerySpaces
       - EntityQuerySpaceImpl(uid=<gen:0>, entity=au.com.fx.converter.domain.Currency)
          - SQL table alias mapping - currency0_
          - alias suffix - 0_
          - suffixed key columns - {id1_1_0_}

2017-05-09 13:02:38 DEBUG EntityLoader:115 - Static select for entity au.com.fx.converter.domain.Currency [UPGRADE_NOWAIT]: select currency0_.id as id1_1_0_, currency0_.code as code2_1_0_, currency0_.country as country3_1_0_, currency0_.decimalPlaces as decimalP4_1_0_, currency0_.description as descript5_1_0_ from Currency currency0_ where currency0_.id=?
2017-05-09 13:02:38 DEBUG QuerySpacesImpl:174 - Adding QuerySpace : uid = <gen:0> -> org.hibernate.loader.plan.build.internal.spaces.EntityQuerySpaceImpl@79c4715d]
2017-05-09 13:02:38 DEBUG MetamodelGraphWalker:137 - Visiting attribute path : code
2017-05-09 13:02:38 DEBUG MetamodelGraphWalker:137 - Visiting attribute path : country
2017-05-09 13:02:38 DEBUG MetamodelGraphWalker:137 - Visiting attribute path : decimalPlaces
2017-05-09 13:02:38 DEBUG MetamodelGraphWalker:137 - Visiting attribute path : description
2017-05-09 13:02:38 DEBUG FetchStyleLoadPlanBuildingAssociationVisitationStrategy:150 - Building LoadPlan...
2017-05-09 13:02:38 DEBUG LoadQueryJoinAndFetchProcessor:101 - processing queryspace <gen:0>
2017-05-09 13:02:38 DEBUG LoadPlanTreePrinter:55 - LoadPlan(entity=au.com.fx.converter.domain.Currency)
    - Returns
       - EntityReturnImpl(entity=au.com.fx.converter.domain.Currency, querySpaceUid=<gen:0>, path=au.com.fx.converter.domain.Currency)
    - QuerySpaces
       - EntityQuerySpaceImpl(uid=<gen:0>, entity=au.com.fx.converter.domain.Currency)
          - SQL table alias mapping - currency0_
          - alias suffix - 0_
          - suffixed key columns - {id1_1_0_}

2017-05-09 13:02:38 DEBUG EntityLoader:115 - Static select for entity au.com.fx.converter.domain.Currency [UPGRADE_SKIPLOCKED]: select currency0_.id as id1_1_0_, currency0_.code as code2_1_0_, currency0_.country as country3_1_0_, currency0_.decimalPlaces as decimalP4_1_0_, currency0_.description as descript5_1_0_ from Currency currency0_ where currency0_.id=?
2017-05-09 13:02:38 DEBUG QuerySpacesImpl:174 - Adding QuerySpace : uid = <gen:0> -> org.hibernate.loader.plan.build.internal.spaces.EntityQuerySpaceImpl@e27ba81]
2017-05-09 13:02:38 DEBUG MetamodelGraphWalker:137 - Visiting attribute path : code
2017-05-09 13:02:38 DEBUG MetamodelGraphWalker:137 - Visiting attribute path : country
2017-05-09 13:02:38 DEBUG MetamodelGraphWalker:137 - Visiting attribute path : decimalPlaces
2017-05-09 13:02:38 DEBUG MetamodelGraphWalker:137 - Visiting attribute path : description
2017-05-09 13:02:38 DEBUG FetchStyleLoadPlanBuildingAssociationVisitationStrategy:150 - Building LoadPlan...
2017-05-09 13:02:38 DEBUG LoadQueryJoinAndFetchProcessor:101 - processing queryspace <gen:0>
2017-05-09 13:02:38 DEBUG LoadPlanTreePrinter:55 - LoadPlan(entity=au.com.fx.converter.domain.Currency)
    - Returns
       - EntityReturnImpl(entity=au.com.fx.converter.domain.Currency, querySpaceUid=<gen:0>, path=au.com.fx.converter.domain.Currency)
    - QuerySpaces
       - EntityQuerySpaceImpl(uid=<gen:0>, entity=au.com.fx.converter.domain.Currency)
          - SQL table alias mapping - currency0_
          - alias suffix - 0_
          - suffixed key columns - {id1_1_0_}

2017-05-09 13:02:38 DEBUG EntityLoader:115 - Static select for entity au.com.fx.converter.domain.Currency [FORCE]: select currency0_.id as id1_1_0_, currency0_.code as code2_1_0_, currency0_.country as country3_1_0_, currency0_.decimalPlaces as decimalP4_1_0_, currency0_.description as descript5_1_0_ from Currency currency0_ where currency0_.id=?
2017-05-09 13:02:38 DEBUG QuerySpacesImpl:174 - Adding QuerySpace : uid = <gen:0> -> org.hibernate.loader.plan.build.internal.spaces.EntityQuerySpaceImpl@1556f2dd]
2017-05-09 13:02:38 DEBUG MetamodelGraphWalker:137 - Visiting attribute path : code
2017-05-09 13:02:38 DEBUG MetamodelGraphWalker:137 - Visiting attribute path : country
2017-05-09 13:02:38 DEBUG MetamodelGraphWalker:137 - Visiting attribute path : decimalPlaces
2017-05-09 13:02:38 DEBUG MetamodelGraphWalker:137 - Visiting attribute path : description
2017-05-09 13:02:38 DEBUG FetchStyleLoadPlanBuildingAssociationVisitationStrategy:150 - Building LoadPlan...
2017-05-09 13:02:38 DEBUG LoadQueryJoinAndFetchProcessor:101 - processing queryspace <gen:0>
2017-05-09 13:02:38 DEBUG LoadPlanTreePrinter:55 - LoadPlan(entity=au.com.fx.converter.domain.Currency)
    - Returns
       - EntityReturnImpl(entity=au.com.fx.converter.domain.Currency, querySpaceUid=<gen:0>, path=au.com.fx.converter.domain.Currency)
    - QuerySpaces
       - EntityQuerySpaceImpl(uid=<gen:0>, entity=au.com.fx.converter.domain.Currency)
          - SQL table alias mapping - currency0_
          - alias suffix - 0_
          - suffixed key columns - {id1_1_0_}

2017-05-09 13:02:38 DEBUG EntityLoader:115 - Static select for entity au.com.fx.converter.domain.Currency [PESSIMISTIC_READ]: select currency0_.id as id1_1_0_, currency0_.code as code2_1_0_, currency0_.country as country3_1_0_, currency0_.decimalPlaces as decimalP4_1_0_, currency0_.description as descript5_1_0_ from Currency currency0_ where currency0_.id=?
2017-05-09 13:02:38 DEBUG QuerySpacesImpl:174 - Adding QuerySpace : uid = <gen:0> -> org.hibernate.loader.plan.build.internal.spaces.EntityQuerySpaceImpl@62577d6]
2017-05-09 13:02:38 DEBUG MetamodelGraphWalker:137 - Visiting attribute path : code
2017-05-09 13:02:38 DEBUG MetamodelGraphWalker:137 - Visiting attribute path : country
2017-05-09 13:02:38 DEBUG MetamodelGraphWalker:137 - Visiting attribute path : decimalPlaces
2017-05-09 13:02:38 DEBUG MetamodelGraphWalker:137 - Visiting attribute path : description
2017-05-09 13:02:38 DEBUG FetchStyleLoadPlanBuildingAssociationVisitationStrategy:150 - Building LoadPlan...
2017-05-09 13:02:38 DEBUG LoadQueryJoinAndFetchProcessor:101 - processing queryspace <gen:0>
2017-05-09 13:02:38 DEBUG LoadPlanTreePrinter:55 - LoadPlan(entity=au.com.fx.converter.domain.Currency)
    - Returns
       - EntityReturnImpl(entity=au.com.fx.converter.domain.Currency, querySpaceUid=<gen:0>, path=au.com.fx.converter.domain.Currency)
    - QuerySpaces
       - EntityQuerySpaceImpl(uid=<gen:0>, entity=au.com.fx.converter.domain.Currency)
          - SQL table alias mapping - currency0_
          - alias suffix - 0_
          - suffixed key columns - {id1_1_0_}

2017-05-09 13:02:38 DEBUG EntityLoader:115 - Static select for entity au.com.fx.converter.domain.Currency [PESSIMISTIC_WRITE]: select currency0_.id as id1_1_0_, currency0_.code as code2_1_0_, currency0_.country as country3_1_0_, currency0_.decimalPlaces as decimalP4_1_0_, currency0_.description as descript5_1_0_ from Currency currency0_ where currency0_.id=?
2017-05-09 13:02:38 DEBUG QuerySpacesImpl:174 - Adding QuerySpace : uid = <gen:0> -> org.hibernate.loader.plan.build.internal.spaces.EntityQuerySpaceImpl@6b5f8707]
2017-05-09 13:02:38 DEBUG MetamodelGraphWalker:137 - Visiting attribute path : code
2017-05-09 13:02:38 DEBUG MetamodelGraphWalker:137 - Visiting attribute path : country
2017-05-09 13:02:38 DEBUG MetamodelGraphWalker:137 - Visiting attribute path : decimalPlaces
2017-05-09 13:02:38 DEBUG MetamodelGraphWalker:137 - Visiting attribute path : description
2017-05-09 13:02:38 DEBUG FetchStyleLoadPlanBuildingAssociationVisitationStrategy:150 - Building LoadPlan...
2017-05-09 13:02:38 DEBUG LoadQueryJoinAndFetchProcessor:101 - processing queryspace <gen:0>
2017-05-09 13:02:38 DEBUG LoadPlanTreePrinter:55 - LoadPlan(entity=au.com.fx.converter.domain.Currency)
    - Returns
       - EntityReturnImpl(entity=au.com.fx.converter.domain.Currency, querySpaceUid=<gen:0>, path=au.com.fx.converter.domain.Currency)
    - QuerySpaces
       - EntityQuerySpaceImpl(uid=<gen:0>, entity=au.com.fx.converter.domain.Currency)
          - SQL table alias mapping - currency0_
          - alias suffix - 0_
          - suffixed key columns - {id1_1_0_}

2017-05-09 13:02:38 DEBUG EntityLoader:115 - Static select for entity au.com.fx.converter.domain.Currency [PESSIMISTIC_FORCE_INCREMENT]: select currency0_.id as id1_1_0_, currency0_.code as code2_1_0_, currency0_.country as country3_1_0_, currency0_.decimalPlaces as decimalP4_1_0_, currency0_.description as descript5_1_0_ from Currency currency0_ where currency0_.id=?
2017-05-09 13:02:38 DEBUG QuerySpacesImpl:174 - Adding QuerySpace : uid = <gen:0> -> org.hibernate.loader.plan.build.internal.spaces.EntityQuerySpaceImpl@5a12c728]
2017-05-09 13:02:38 DEBUG MetamodelGraphWalker:137 - Visiting attribute path : code
2017-05-09 13:02:38 DEBUG MetamodelGraphWalker:137 - Visiting attribute path : country
2017-05-09 13:02:38 DEBUG MetamodelGraphWalker:137 - Visiting attribute path : decimalPlaces
2017-05-09 13:02:38 DEBUG MetamodelGraphWalker:137 - Visiting attribute path : description
2017-05-09 13:02:38 DEBUG FetchStyleLoadPlanBuildingAssociationVisitationStrategy:150 - Building LoadPlan...
2017-05-09 13:02:38 DEBUG LoadQueryJoinAndFetchProcessor:101 - processing queryspace <gen:0>
2017-05-09 13:02:38 DEBUG LoadPlanTreePrinter:55 - LoadPlan(entity=au.com.fx.converter.domain.Currency)
    - Returns
       - EntityReturnImpl(entity=au.com.fx.converter.domain.Currency, querySpaceUid=<gen:0>, path=au.com.fx.converter.domain.Currency)
    - QuerySpaces
       - EntityQuerySpaceImpl(uid=<gen:0>, entity=au.com.fx.converter.domain.Currency)
          - SQL table alias mapping - currency0_
          - alias suffix - 0_
          - suffixed key columns - {id1_1_0_}

2017-05-09 13:02:38 DEBUG EntityLoader:115 - Static select for entity au.com.fx.converter.domain.Currency [OPTIMISTIC]: select currency0_.id as id1_1_0_, currency0_.code as code2_1_0_, currency0_.country as country3_1_0_, currency0_.decimalPlaces as decimalP4_1_0_, currency0_.description as descript5_1_0_ from Currency currency0_ where currency0_.id=?
2017-05-09 13:02:38 DEBUG QuerySpacesImpl:174 - Adding QuerySpace : uid = <gen:0> -> org.hibernate.loader.plan.build.internal.spaces.EntityQuerySpaceImpl@6e5bfdfc]
2017-05-09 13:02:38 DEBUG MetamodelGraphWalker:137 - Visiting attribute path : code
2017-05-09 13:02:38 DEBUG MetamodelGraphWalker:137 - Visiting attribute path : country
2017-05-09 13:02:38 DEBUG MetamodelGraphWalker:137 - Visiting attribute path : decimalPlaces
2017-05-09 13:02:38 DEBUG MetamodelGraphWalker:137 - Visiting attribute path : description
2017-05-09 13:02:38 DEBUG FetchStyleLoadPlanBuildingAssociationVisitationStrategy:150 - Building LoadPlan...
2017-05-09 13:02:38 DEBUG LoadQueryJoinAndFetchProcessor:101 - processing queryspace <gen:0>
2017-05-09 13:02:38 DEBUG LoadPlanTreePrinter:55 - LoadPlan(entity=au.com.fx.converter.domain.Currency)
    - Returns
       - EntityReturnImpl(entity=au.com.fx.converter.domain.Currency, querySpaceUid=<gen:0>, path=au.com.fx.converter.domain.Currency)
    - QuerySpaces
       - EntityQuerySpaceImpl(uid=<gen:0>, entity=au.com.fx.converter.domain.Currency)
          - SQL table alias mapping - currency0_
          - alias suffix - 0_
          - suffixed key columns - {id1_1_0_}

2017-05-09 13:02:38 DEBUG EntityLoader:115 - Static select for entity au.com.fx.converter.domain.Currency [OPTIMISTIC_FORCE_INCREMENT]: select currency0_.id as id1_1_0_, currency0_.code as code2_1_0_, currency0_.country as country3_1_0_, currency0_.decimalPlaces as decimalP4_1_0_, currency0_.description as descript5_1_0_ from Currency currency0_ where currency0_.id=?
2017-05-09 13:02:38 DEBUG Loader:38 - Static select for action ACTION_MERGE on entity au.com.fx.converter.domain.Currency: select currency0_.id as id1_1_0_, currency0_.code as code2_1_0_, currency0_.country as country3_1_0_, currency0_.decimalPlaces as decimalP4_1_0_, currency0_.description as descript5_1_0_ from Currency currency0_ where currency0_.id=?
2017-05-09 13:02:38 DEBUG Loader:38 - Static select for action ACTION_REFRESH on entity au.com.fx.converter.domain.Currency: select currency0_.id as id1_1_0_, currency0_.code as code2_1_0_, currency0_.country as country3_1_0_, currency0_.decimalPlaces as decimalP4_1_0_, currency0_.description as descript5_1_0_ from Currency currency0_ where currency0_.id=?
2017-05-09 13:02:38 DEBUG AbstractEntityPersister:3598 - Static SQL for entity: au.com.fx.converter.domain.ExchangeRate
2017-05-09 13:02:38 DEBUG AbstractEntityPersister:3603 -  Version select: select id from ExchangeRate where id =?
2017-05-09 13:02:38 DEBUG AbstractEntityPersister:3606 -  Snapshot select: select exchangera_.id, exchangera_.baseCurrency_id as baseCurr3_2_, exchangera_.rate as rate2_2_, exchangera_.termCurrency_id as termCurr4_2_ from ExchangeRate exchangera_ where exchangera_.id=?
2017-05-09 13:02:38 DEBUG AbstractEntityPersister:394 -  Insert 0: insert into ExchangeRate (baseCurrency_id, rate, termCurrency_id, id) values (?, ?, ?, ?)
2017-05-09 13:02:38 DEBUG AbstractEntityPersister:394 -  Update 0: update ExchangeRate set baseCurrency_id=?, rate=?, termCurrency_id=? where id=?
2017-05-09 13:02:38 DEBUG AbstractEntityPersister:394 -  Delete 0: delete from ExchangeRate where id=?
2017-05-09 13:02:38 DEBUG QuerySpacesImpl:174 - Adding QuerySpace : uid = <gen:0> -> org.hibernate.loader.plan.build.internal.spaces.EntityQuerySpaceImpl@71652c98]
2017-05-09 13:02:38 DEBUG MetamodelGraphWalker:137 - Visiting attribute path : baseCurrency
2017-05-09 13:02:38 DEBUG QuerySpacesImpl:174 - Adding QuerySpace : uid = <gen:1> -> org.hibernate.loader.plan.build.internal.spaces.EntityQuerySpaceImpl@60b85ba1]
2017-05-09 13:02:38 DEBUG MetamodelGraphWalker:137 - Visiting attribute path : baseCurrency.code
2017-05-09 13:02:38 DEBUG MetamodelGraphWalker:137 - Visiting attribute path : baseCurrency.country
2017-05-09 13:02:38 DEBUG MetamodelGraphWalker:137 - Visiting attribute path : baseCurrency.decimalPlaces
2017-05-09 13:02:38 DEBUG MetamodelGraphWalker:137 - Visiting attribute path : baseCurrency.description
2017-05-09 13:02:38 DEBUG MetamodelGraphWalker:137 - Visiting attribute path : rate
2017-05-09 13:02:38 DEBUG MetamodelGraphWalker:137 - Visiting attribute path : termCurrency
2017-05-09 13:02:38 DEBUG QuerySpacesImpl:174 - Adding QuerySpace : uid = <gen:2> -> org.hibernate.loader.plan.build.internal.spaces.EntityQuerySpaceImpl@117632cf]
2017-05-09 13:02:38 DEBUG MetamodelGraphWalker:137 - Visiting attribute path : termCurrency.code
2017-05-09 13:02:38 DEBUG MetamodelGraphWalker:137 - Visiting attribute path : termCurrency.country
2017-05-09 13:02:38 DEBUG MetamodelGraphWalker:137 - Visiting attribute path : termCurrency.decimalPlaces
2017-05-09 13:02:38 DEBUG MetamodelGraphWalker:137 - Visiting attribute path : termCurrency.description
2017-05-09 13:02:38 DEBUG FetchStyleLoadPlanBuildingAssociationVisitationStrategy:150 - Building LoadPlan...
2017-05-09 13:02:38 DEBUG LoadQueryJoinAndFetchProcessor:101 - processing queryspace <gen:0>
2017-05-09 13:02:38 DEBUG LoadPlanTreePrinter:55 - LoadPlan(entity=au.com.fx.converter.domain.ExchangeRate)
    - Returns
       - EntityReturnImpl(entity=au.com.fx.converter.domain.ExchangeRate, querySpaceUid=<gen:0>, path=au.com.fx.converter.domain.ExchangeRate)
          - EntityAttributeFetchImpl(entity=au.com.fx.converter.domain.Currency, querySpaceUid=<gen:1>, path=au.com.fx.converter.domain.ExchangeRate.baseCurrency)
          - EntityAttributeFetchImpl(entity=au.com.fx.converter.domain.Currency, querySpaceUid=<gen:2>, path=au.com.fx.converter.domain.ExchangeRate.termCurrency)
    - QuerySpaces
       - EntityQuerySpaceImpl(uid=<gen:0>, entity=au.com.fx.converter.domain.ExchangeRate)
          - SQL table alias mapping - exchangera0_
          - alias suffix - 0_
          - suffixed key columns - {id1_2_0_}
          - JOIN (JoinDefinedByMetadata(baseCurrency)) : <gen:0> -> <gen:1>
             - EntityQuerySpaceImpl(uid=<gen:1>, entity=au.com.fx.converter.domain.Currency)
                - SQL table alias mapping - currency1_
                - alias suffix - 1_
                - suffixed key columns - {id1_1_1_}
          - JOIN (JoinDefinedByMetadata(termCurrency)) : <gen:0> -> <gen:2>
             - EntityQuerySpaceImpl(uid=<gen:2>, entity=au.com.fx.converter.domain.Currency)
                - SQL table alias mapping - currency2_
                - alias suffix - 2_
                - suffixed key columns - {id1_1_2_}

2017-05-09 13:02:38 DEBUG EntityLoader:115 - Static select for entity au.com.fx.converter.domain.ExchangeRate [NONE]: select exchangera0_.id as id1_2_0_, exchangera0_.baseCurrency_id as baseCurr3_2_0_, exchangera0_.rate as rate2_2_0_, exchangera0_.termCurrency_id as termCurr4_2_0_, currency1_.id as id1_1_1_, currency1_.code as code2_1_1_, currency1_.country as country3_1_1_, currency1_.decimalPlaces as decimalP4_1_1_, currency1_.description as descript5_1_1_, currency2_.id as id1_1_2_, currency2_.code as code2_1_2_, currency2_.country as country3_1_2_, currency2_.decimalPlaces as decimalP4_1_2_, currency2_.description as descript5_1_2_ from ExchangeRate exchangera0_ inner join Currency currency1_ on exchangera0_.baseCurrency_id=currency1_.id inner join Currency currency2_ on exchangera0_.termCurrency_id=currency2_.id where exchangera0_.id=?
2017-05-09 13:02:38 DEBUG QuerySpacesImpl:174 - Adding QuerySpace : uid = <gen:0> -> org.hibernate.loader.plan.build.internal.spaces.EntityQuerySpaceImpl@d71adc2]
2017-05-09 13:02:38 DEBUG MetamodelGraphWalker:137 - Visiting attribute path : baseCurrency
2017-05-09 13:02:38 DEBUG QuerySpacesImpl:174 - Adding QuerySpace : uid = <gen:1> -> org.hibernate.loader.plan.build.internal.spaces.EntityQuerySpaceImpl@1a1d3c1a]
2017-05-09 13:02:38 DEBUG MetamodelGraphWalker:137 - Visiting attribute path : baseCurrency.code
2017-05-09 13:02:38 DEBUG MetamodelGraphWalker:137 - Visiting attribute path : baseCurrency.country
2017-05-09 13:02:38 DEBUG MetamodelGraphWalker:137 - Visiting attribute path : baseCurrency.decimalPlaces
2017-05-09 13:02:38 DEBUG MetamodelGraphWalker:137 - Visiting attribute path : baseCurrency.description
2017-05-09 13:02:38 DEBUG MetamodelGraphWalker:137 - Visiting attribute path : rate
2017-05-09 13:02:38 DEBUG MetamodelGraphWalker:137 - Visiting attribute path : termCurrency
2017-05-09 13:02:38 DEBUG QuerySpacesImpl:174 - Adding QuerySpace : uid = <gen:2> -> org.hibernate.loader.plan.build.internal.spaces.EntityQuerySpaceImpl@159e366]
2017-05-09 13:02:38 DEBUG MetamodelGraphWalker:137 - Visiting attribute path : termCurrency.code
2017-05-09 13:02:38 DEBUG MetamodelGraphWalker:137 - Visiting attribute path : termCurrency.country
2017-05-09 13:02:38 DEBUG MetamodelGraphWalker:137 - Visiting attribute path : termCurrency.decimalPlaces
2017-05-09 13:02:38 DEBUG MetamodelGraphWalker:137 - Visiting attribute path : termCurrency.description
2017-05-09 13:02:38 DEBUG FetchStyleLoadPlanBuildingAssociationVisitationStrategy:150 - Building LoadPlan...
2017-05-09 13:02:38 DEBUG LoadQueryJoinAndFetchProcessor:101 - processing queryspace <gen:0>
2017-05-09 13:02:38 DEBUG LoadPlanTreePrinter:55 - LoadPlan(entity=au.com.fx.converter.domain.ExchangeRate)
    - Returns
       - EntityReturnImpl(entity=au.com.fx.converter.domain.ExchangeRate, querySpaceUid=<gen:0>, path=au.com.fx.converter.domain.ExchangeRate)
          - EntityAttributeFetchImpl(entity=au.com.fx.converter.domain.Currency, querySpaceUid=<gen:1>, path=au.com.fx.converter.domain.ExchangeRate.baseCurrency)
          - EntityAttributeFetchImpl(entity=au.com.fx.converter.domain.Currency, querySpaceUid=<gen:2>, path=au.com.fx.converter.domain.ExchangeRate.termCurrency)
    - QuerySpaces
       - EntityQuerySpaceImpl(uid=<gen:0>, entity=au.com.fx.converter.domain.ExchangeRate)
          - SQL table alias mapping - exchangera0_
          - alias suffix - 0_
          - suffixed key columns - {id1_2_0_}
          - JOIN (JoinDefinedByMetadata(baseCurrency)) : <gen:0> -> <gen:1>
             - EntityQuerySpaceImpl(uid=<gen:1>, entity=au.com.fx.converter.domain.Currency)
                - SQL table alias mapping - currency1_
                - alias suffix - 1_
                - suffixed key columns - {id1_1_1_}
          - JOIN (JoinDefinedByMetadata(termCurrency)) : <gen:0> -> <gen:2>
             - EntityQuerySpaceImpl(uid=<gen:2>, entity=au.com.fx.converter.domain.Currency)
                - SQL table alias mapping - currency2_
                - alias suffix - 2_
                - suffixed key columns - {id1_1_2_}

2017-05-09 13:02:38 DEBUG EntityLoader:115 - Static select for entity au.com.fx.converter.domain.ExchangeRate [READ]: select exchangera0_.id as id1_2_0_, exchangera0_.baseCurrency_id as baseCurr3_2_0_, exchangera0_.rate as rate2_2_0_, exchangera0_.termCurrency_id as termCurr4_2_0_, currency1_.id as id1_1_1_, currency1_.code as code2_1_1_, currency1_.country as country3_1_1_, currency1_.decimalPlaces as decimalP4_1_1_, currency1_.description as descript5_1_1_, currency2_.id as id1_1_2_, currency2_.code as code2_1_2_, currency2_.country as country3_1_2_, currency2_.decimalPlaces as decimalP4_1_2_, currency2_.description as descript5_1_2_ from ExchangeRate exchangera0_ inner join Currency currency1_ on exchangera0_.baseCurrency_id=currency1_.id inner join Currency currency2_ on exchangera0_.termCurrency_id=currency2_.id where exchangera0_.id=?
2017-05-09 13:02:38 DEBUG QuerySpacesImpl:174 - Adding QuerySpace : uid = <gen:0> -> org.hibernate.loader.plan.build.internal.spaces.EntityQuerySpaceImpl@24528a25]
2017-05-09 13:02:38 DEBUG MetamodelGraphWalker:137 - Visiting attribute path : baseCurrency
2017-05-09 13:02:38 DEBUG QuerySpacesImpl:174 - Adding QuerySpace : uid = <gen:1> -> org.hibernate.loader.plan.build.internal.spaces.EntityQuerySpaceImpl@59221b97]
2017-05-09 13:02:38 DEBUG MetamodelGraphWalker:137 - Visiting attribute path : rate
2017-05-09 13:02:38 DEBUG MetamodelGraphWalker:137 - Visiting attribute path : termCurrency
2017-05-09 13:02:38 DEBUG QuerySpacesImpl:174 - Adding QuerySpace : uid = <gen:2> -> org.hibernate.loader.plan.build.internal.spaces.EntityQuerySpaceImpl@6ac4944a]
2017-05-09 13:02:38 DEBUG FetchStyleLoadPlanBuildingAssociationVisitationStrategy:150 - Building LoadPlan...
2017-05-09 13:02:38 DEBUG LoadQueryJoinAndFetchProcessor:101 - processing queryspace <gen:0>
2017-05-09 13:02:38 DEBUG LoadPlanTreePrinter:55 - LoadPlan(entity=au.com.fx.converter.domain.ExchangeRate)
    - Returns
       - EntityReturnImpl(entity=au.com.fx.converter.domain.ExchangeRate, querySpaceUid=<gen:0>, path=au.com.fx.converter.domain.ExchangeRate)
          - EntityAttributeFetchImpl(entity=au.com.fx.converter.domain.Currency, querySpaceUid=<gen:1>, path=au.com.fx.converter.domain.ExchangeRate.baseCurrency)
          - EntityAttributeFetchImpl(entity=au.com.fx.converter.domain.Currency, querySpaceUid=<gen:2>, path=au.com.fx.converter.domain.ExchangeRate.termCurrency)
    - QuerySpaces
       - EntityQuerySpaceImpl(uid=<gen:0>, entity=au.com.fx.converter.domain.ExchangeRate)
          - SQL table alias mapping - exchangera0_
          - alias suffix - 0_
          - suffixed key columns - {id1_2_0_}

2017-05-09 13:02:38 DEBUG EntityLoader:115 - Static select for entity au.com.fx.converter.domain.ExchangeRate [UPGRADE]: select exchangera0_.id as id1_2_0_, exchangera0_.baseCurrency_id as baseCurr3_2_0_, exchangera0_.rate as rate2_2_0_, exchangera0_.termCurrency_id as termCurr4_2_0_ from ExchangeRate exchangera0_ where exchangera0_.id=?
2017-05-09 13:02:38 DEBUG QuerySpacesImpl:174 - Adding QuerySpace : uid = <gen:0> -> org.hibernate.loader.plan.build.internal.spaces.EntityQuerySpaceImpl@5a772895]
2017-05-09 13:02:38 DEBUG MetamodelGraphWalker:137 - Visiting attribute path : baseCurrency
2017-05-09 13:02:38 DEBUG QuerySpacesImpl:174 - Adding QuerySpace : uid = <gen:1> -> org.hibernate.loader.plan.build.internal.spaces.EntityQuerySpaceImpl@704b2127]
2017-05-09 13:02:38 DEBUG MetamodelGraphWalker:137 - Visiting attribute path : rate
2017-05-09 13:02:38 DEBUG MetamodelGraphWalker:137 - Visiting attribute path : termCurrency
2017-05-09 13:02:38 DEBUG QuerySpacesImpl:174 - Adding QuerySpace : uid = <gen:2> -> org.hibernate.loader.plan.build.internal.spaces.EntityQuerySpaceImpl@3ee39da0]
2017-05-09 13:02:38 DEBUG FetchStyleLoadPlanBuildingAssociationVisitationStrategy:150 - Building LoadPlan...
2017-05-09 13:02:38 DEBUG LoadQueryJoinAndFetchProcessor:101 - processing queryspace <gen:0>
2017-05-09 13:02:38 DEBUG LoadPlanTreePrinter:55 - LoadPlan(entity=au.com.fx.converter.domain.ExchangeRate)
    - Returns
       - EntityReturnImpl(entity=au.com.fx.converter.domain.ExchangeRate, querySpaceUid=<gen:0>, path=au.com.fx.converter.domain.ExchangeRate)
          - EntityAttributeFetchImpl(entity=au.com.fx.converter.domain.Currency, querySpaceUid=<gen:1>, path=au.com.fx.converter.domain.ExchangeRate.baseCurrency)
          - EntityAttributeFetchImpl(entity=au.com.fx.converter.domain.Currency, querySpaceUid=<gen:2>, path=au.com.fx.converter.domain.ExchangeRate.termCurrency)
    - QuerySpaces
       - EntityQuerySpaceImpl(uid=<gen:0>, entity=au.com.fx.converter.domain.ExchangeRate)
          - SQL table alias mapping - exchangera0_
          - alias suffix - 0_
          - suffixed key columns - {id1_2_0_}

2017-05-09 13:02:38 DEBUG EntityLoader:115 - Static select for entity au.com.fx.converter.domain.ExchangeRate [UPGRADE_NOWAIT]: select exchangera0_.id as id1_2_0_, exchangera0_.baseCurrency_id as baseCurr3_2_0_, exchangera0_.rate as rate2_2_0_, exchangera0_.termCurrency_id as termCurr4_2_0_ from ExchangeRate exchangera0_ where exchangera0_.id=?
2017-05-09 13:02:38 DEBUG QuerySpacesImpl:174 - Adding QuerySpace : uid = <gen:0> -> org.hibernate.loader.plan.build.internal.spaces.EntityQuerySpaceImpl@5d332969]
2017-05-09 13:02:38 DEBUG MetamodelGraphWalker:137 - Visiting attribute path : baseCurrency
2017-05-09 13:02:38 DEBUG QuerySpacesImpl:174 - Adding QuerySpace : uid = <gen:1> -> org.hibernate.loader.plan.build.internal.spaces.EntityQuerySpaceImpl@2e27d72f]
2017-05-09 13:02:38 DEBUG MetamodelGraphWalker:137 - Visiting attribute path : rate
2017-05-09 13:02:38 DEBUG MetamodelGraphWalker:137 - Visiting attribute path : termCurrency
2017-05-09 13:02:38 DEBUG QuerySpacesImpl:174 - Adding QuerySpace : uid = <gen:2> -> org.hibernate.loader.plan.build.internal.spaces.EntityQuerySpaceImpl@c0b41d6]
2017-05-09 13:02:38 DEBUG FetchStyleLoadPlanBuildingAssociationVisitationStrategy:150 - Building LoadPlan...
2017-05-09 13:02:38 DEBUG LoadQueryJoinAndFetchProcessor:101 - processing queryspace <gen:0>
2017-05-09 13:02:38 DEBUG LoadPlanTreePrinter:55 - LoadPlan(entity=au.com.fx.converter.domain.ExchangeRate)
    - Returns
       - EntityReturnImpl(entity=au.com.fx.converter.domain.ExchangeRate, querySpaceUid=<gen:0>, path=au.com.fx.converter.domain.ExchangeRate)
          - EntityAttributeFetchImpl(entity=au.com.fx.converter.domain.Currency, querySpaceUid=<gen:1>, path=au.com.fx.converter.domain.ExchangeRate.baseCurrency)
          - EntityAttributeFetchImpl(entity=au.com.fx.converter.domain.Currency, querySpaceUid=<gen:2>, path=au.com.fx.converter.domain.ExchangeRate.termCurrency)
    - QuerySpaces
       - EntityQuerySpaceImpl(uid=<gen:0>, entity=au.com.fx.converter.domain.ExchangeRate)
          - SQL table alias mapping - exchangera0_
          - alias suffix - 0_
          - suffixed key columns - {id1_2_0_}

2017-05-09 13:02:38 DEBUG EntityLoader:115 - Static select for entity au.com.fx.converter.domain.ExchangeRate [UPGRADE_SKIPLOCKED]: select exchangera0_.id as id1_2_0_, exchangera0_.baseCurrency_id as baseCurr3_2_0_, exchangera0_.rate as rate2_2_0_, exchangera0_.termCurrency_id as termCurr4_2_0_ from ExchangeRate exchangera0_ where exchangera0_.id=?
2017-05-09 13:02:38 DEBUG QuerySpacesImpl:174 - Adding QuerySpace : uid = <gen:0> -> org.hibernate.loader.plan.build.internal.spaces.EntityQuerySpaceImpl@4837595f]
2017-05-09 13:02:38 DEBUG MetamodelGraphWalker:137 - Visiting attribute path : baseCurrency
2017-05-09 13:02:38 DEBUG QuerySpacesImpl:174 - Adding QuerySpace : uid = <gen:1> -> org.hibernate.loader.plan.build.internal.spaces.EntityQuerySpaceImpl@3b718392]
2017-05-09 13:02:38 DEBUG MetamodelGraphWalker:137 - Visiting attribute path : rate
2017-05-09 13:02:38 DEBUG MetamodelGraphWalker:137 - Visiting attribute path : termCurrency
2017-05-09 13:02:38 DEBUG QuerySpacesImpl:174 - Adding QuerySpace : uid = <gen:2> -> org.hibernate.loader.plan.build.internal.spaces.EntityQuerySpaceImpl@6d2260db]
2017-05-09 13:02:38 DEBUG FetchStyleLoadPlanBuildingAssociationVisitationStrategy:150 - Building LoadPlan...
2017-05-09 13:02:38 DEBUG LoadQueryJoinAndFetchProcessor:101 - processing queryspace <gen:0>
2017-05-09 13:02:38 DEBUG LoadPlanTreePrinter:55 - LoadPlan(entity=au.com.fx.converter.domain.ExchangeRate)
    - Returns
       - EntityReturnImpl(entity=au.com.fx.converter.domain.ExchangeRate, querySpaceUid=<gen:0>, path=au.com.fx.converter.domain.ExchangeRate)
          - EntityAttributeFetchImpl(entity=au.com.fx.converter.domain.Currency, querySpaceUid=<gen:1>, path=au.com.fx.converter.domain.ExchangeRate.baseCurrency)
          - EntityAttributeFetchImpl(entity=au.com.fx.converter.domain.Currency, querySpaceUid=<gen:2>, path=au.com.fx.converter.domain.ExchangeRate.termCurrency)
    - QuerySpaces
       - EntityQuerySpaceImpl(uid=<gen:0>, entity=au.com.fx.converter.domain.ExchangeRate)
          - SQL table alias mapping - exchangera0_
          - alias suffix - 0_
          - suffixed key columns - {id1_2_0_}

2017-05-09 13:02:38 DEBUG EntityLoader:115 - Static select for entity au.com.fx.converter.domain.ExchangeRate [FORCE]: select exchangera0_.id as id1_2_0_, exchangera0_.baseCurrency_id as baseCurr3_2_0_, exchangera0_.rate as rate2_2_0_, exchangera0_.termCurrency_id as termCurr4_2_0_ from ExchangeRate exchangera0_ where exchangera0_.id=?
2017-05-09 13:02:38 DEBUG QuerySpacesImpl:174 - Adding QuerySpace : uid = <gen:0> -> org.hibernate.loader.plan.build.internal.spaces.EntityQuerySpaceImpl@1f2d2181]
2017-05-09 13:02:38 DEBUG MetamodelGraphWalker:137 - Visiting attribute path : baseCurrency
2017-05-09 13:02:38 DEBUG QuerySpacesImpl:174 - Adding QuerySpace : uid = <gen:1> -> org.hibernate.loader.plan.build.internal.spaces.EntityQuerySpaceImpl@7ee55e70]
2017-05-09 13:02:38 DEBUG MetamodelGraphWalker:137 - Visiting attribute path : rate
2017-05-09 13:02:38 DEBUG MetamodelGraphWalker:137 - Visiting attribute path : termCurrency
2017-05-09 13:02:38 DEBUG QuerySpacesImpl:174 - Adding QuerySpace : uid = <gen:2> -> org.hibernate.loader.plan.build.internal.spaces.EntityQuerySpaceImpl@3fcdcf]
2017-05-09 13:02:38 DEBUG FetchStyleLoadPlanBuildingAssociationVisitationStrategy:150 - Building LoadPlan...
2017-05-09 13:02:38 DEBUG LoadQueryJoinAndFetchProcessor:101 - processing queryspace <gen:0>
2017-05-09 13:02:38 DEBUG LoadPlanTreePrinter:55 - LoadPlan(entity=au.com.fx.converter.domain.ExchangeRate)
    - Returns
       - EntityReturnImpl(entity=au.com.fx.converter.domain.ExchangeRate, querySpaceUid=<gen:0>, path=au.com.fx.converter.domain.ExchangeRate)
          - EntityAttributeFetchImpl(entity=au.com.fx.converter.domain.Currency, querySpaceUid=<gen:1>, path=au.com.fx.converter.domain.ExchangeRate.baseCurrency)
          - EntityAttributeFetchImpl(entity=au.com.fx.converter.domain.Currency, querySpaceUid=<gen:2>, path=au.com.fx.converter.domain.ExchangeRate.termCurrency)
    - QuerySpaces
       - EntityQuerySpaceImpl(uid=<gen:0>, entity=au.com.fx.converter.domain.ExchangeRate)
          - SQL table alias mapping - exchangera0_
          - alias suffix - 0_
          - suffixed key columns - {id1_2_0_}

2017-05-09 13:02:38 DEBUG EntityLoader:115 - Static select for entity au.com.fx.converter.domain.ExchangeRate [PESSIMISTIC_READ]: select exchangera0_.id as id1_2_0_, exchangera0_.baseCurrency_id as baseCurr3_2_0_, exchangera0_.rate as rate2_2_0_, exchangera0_.termCurrency_id as termCurr4_2_0_ from ExchangeRate exchangera0_ where exchangera0_.id=?
2017-05-09 13:02:38 DEBUG QuerySpacesImpl:174 - Adding QuerySpace : uid = <gen:0> -> org.hibernate.loader.plan.build.internal.spaces.EntityQuerySpaceImpl@7668d560]
2017-05-09 13:02:38 DEBUG MetamodelGraphWalker:137 - Visiting attribute path : baseCurrency
2017-05-09 13:02:38 DEBUG QuerySpacesImpl:174 - Adding QuerySpace : uid = <gen:1> -> org.hibernate.loader.plan.build.internal.spaces.EntityQuerySpaceImpl@126be319]
2017-05-09 13:02:38 DEBUG MetamodelGraphWalker:137 - Visiting attribute path : rate
2017-05-09 13:02:38 DEBUG MetamodelGraphWalker:137 - Visiting attribute path : termCurrency
2017-05-09 13:02:38 DEBUG QuerySpacesImpl:174 - Adding QuerySpace : uid = <gen:2> -> org.hibernate.loader.plan.build.internal.spaces.EntityQuerySpaceImpl@6c44052e]
2017-05-09 13:02:38 DEBUG FetchStyleLoadPlanBuildingAssociationVisitationStrategy:150 - Building LoadPlan...
2017-05-09 13:02:38 DEBUG LoadQueryJoinAndFetchProcessor:101 - processing queryspace <gen:0>
2017-05-09 13:02:38 DEBUG LoadPlanTreePrinter:55 - LoadPlan(entity=au.com.fx.converter.domain.ExchangeRate)
    - Returns
       - EntityReturnImpl(entity=au.com.fx.converter.domain.ExchangeRate, querySpaceUid=<gen:0>, path=au.com.fx.converter.domain.ExchangeRate)
          - EntityAttributeFetchImpl(entity=au.com.fx.converter.domain.Currency, querySpaceUid=<gen:1>, path=au.com.fx.converter.domain.ExchangeRate.baseCurrency)
          - EntityAttributeFetchImpl(entity=au.com.fx.converter.domain.Currency, querySpaceUid=<gen:2>, path=au.com.fx.converter.domain.ExchangeRate.termCurrency)
    - QuerySpaces
       - EntityQuerySpaceImpl(uid=<gen:0>, entity=au.com.fx.converter.domain.ExchangeRate)
          - SQL table alias mapping - exchangera0_
          - alias suffix - 0_
          - suffixed key columns - {id1_2_0_}

2017-05-09 13:02:38 DEBUG EntityLoader:115 - Static select for entity au.com.fx.converter.domain.ExchangeRate [PESSIMISTIC_WRITE]: select exchangera0_.id as id1_2_0_, exchangera0_.baseCurrency_id as baseCurr3_2_0_, exchangera0_.rate as rate2_2_0_, exchangera0_.termCurrency_id as termCurr4_2_0_ from ExchangeRate exchangera0_ where exchangera0_.id=?
2017-05-09 13:02:38 DEBUG QuerySpacesImpl:174 - Adding QuerySpace : uid = <gen:0> -> org.hibernate.loader.plan.build.internal.spaces.EntityQuerySpaceImpl@5c371e13]
2017-05-09 13:02:38 DEBUG MetamodelGraphWalker:137 - Visiting attribute path : baseCurrency
2017-05-09 13:02:38 DEBUG QuerySpacesImpl:174 - Adding QuerySpace : uid = <gen:1> -> org.hibernate.loader.plan.build.internal.spaces.EntityQuerySpaceImpl@1e34c607]
2017-05-09 13:02:38 DEBUG MetamodelGraphWalker:137 - Visiting attribute path : rate
2017-05-09 13:02:38 DEBUG MetamodelGraphWalker:137 - Visiting attribute path : termCurrency
2017-05-09 13:02:38 DEBUG QuerySpacesImpl:174 - Adding QuerySpace : uid = <gen:2> -> org.hibernate.loader.plan.build.internal.spaces.EntityQuerySpaceImpl@5215cd9a]
2017-05-09 13:02:38 DEBUG FetchStyleLoadPlanBuildingAssociationVisitationStrategy:150 - Building LoadPlan...
2017-05-09 13:02:38 DEBUG LoadQueryJoinAndFetchProcessor:101 - processing queryspace <gen:0>
2017-05-09 13:02:38 DEBUG LoadPlanTreePrinter:55 - LoadPlan(entity=au.com.fx.converter.domain.ExchangeRate)
    - Returns
       - EntityReturnImpl(entity=au.com.fx.converter.domain.ExchangeRate, querySpaceUid=<gen:0>, path=au.com.fx.converter.domain.ExchangeRate)
          - EntityAttributeFetchImpl(entity=au.com.fx.converter.domain.Currency, querySpaceUid=<gen:1>, path=au.com.fx.converter.domain.ExchangeRate.baseCurrency)
          - EntityAttributeFetchImpl(entity=au.com.fx.converter.domain.Currency, querySpaceUid=<gen:2>, path=au.com.fx.converter.domain.ExchangeRate.termCurrency)
    - QuerySpaces
       - EntityQuerySpaceImpl(uid=<gen:0>, entity=au.com.fx.converter.domain.ExchangeRate)
          - SQL table alias mapping - exchangera0_
          - alias suffix - 0_
          - suffixed key columns - {id1_2_0_}

2017-05-09 13:02:38 DEBUG EntityLoader:115 - Static select for entity au.com.fx.converter.domain.ExchangeRate [PESSIMISTIC_FORCE_INCREMENT]: select exchangera0_.id as id1_2_0_, exchangera0_.baseCurrency_id as baseCurr3_2_0_, exchangera0_.rate as rate2_2_0_, exchangera0_.termCurrency_id as termCurr4_2_0_ from ExchangeRate exchangera0_ where exchangera0_.id=?
2017-05-09 13:02:38 DEBUG QuerySpacesImpl:174 - Adding QuerySpace : uid = <gen:0> -> org.hibernate.loader.plan.build.internal.spaces.EntityQuerySpaceImpl@36b6964d]
2017-05-09 13:02:38 DEBUG MetamodelGraphWalker:137 - Visiting attribute path : baseCurrency
2017-05-09 13:02:38 DEBUG QuerySpacesImpl:174 - Adding QuerySpace : uid = <gen:1> -> org.hibernate.loader.plan.build.internal.spaces.EntityQuerySpaceImpl@9257031]
2017-05-09 13:02:38 DEBUG MetamodelGraphWalker:137 - Visiting attribute path : rate
2017-05-09 13:02:38 DEBUG MetamodelGraphWalker:137 - Visiting attribute path : termCurrency
2017-05-09 13:02:38 DEBUG QuerySpacesImpl:174 - Adding QuerySpace : uid = <gen:2> -> org.hibernate.loader.plan.build.internal.spaces.EntityQuerySpaceImpl@75201592]
2017-05-09 13:02:38 DEBUG FetchStyleLoadPlanBuildingAssociationVisitationStrategy:150 - Building LoadPlan...
2017-05-09 13:02:38 DEBUG LoadQueryJoinAndFetchProcessor:101 - processing queryspace <gen:0>
2017-05-09 13:02:38 DEBUG LoadPlanTreePrinter:55 - LoadPlan(entity=au.com.fx.converter.domain.ExchangeRate)
    - Returns
       - EntityReturnImpl(entity=au.com.fx.converter.domain.ExchangeRate, querySpaceUid=<gen:0>, path=au.com.fx.converter.domain.ExchangeRate)
          - EntityAttributeFetchImpl(entity=au.com.fx.converter.domain.Currency, querySpaceUid=<gen:1>, path=au.com.fx.converter.domain.ExchangeRate.baseCurrency)
          - EntityAttributeFetchImpl(entity=au.com.fx.converter.domain.Currency, querySpaceUid=<gen:2>, path=au.com.fx.converter.domain.ExchangeRate.termCurrency)
    - QuerySpaces
       - EntityQuerySpaceImpl(uid=<gen:0>, entity=au.com.fx.converter.domain.ExchangeRate)
          - SQL table alias mapping - exchangera0_
          - alias suffix - 0_
          - suffixed key columns - {id1_2_0_}

2017-05-09 13:02:38 DEBUG EntityLoader:115 - Static select for entity au.com.fx.converter.domain.ExchangeRate [OPTIMISTIC]: select exchangera0_.id as id1_2_0_, exchangera0_.baseCurrency_id as baseCurr3_2_0_, exchangera0_.rate as rate2_2_0_, exchangera0_.termCurrency_id as termCurr4_2_0_ from ExchangeRate exchangera0_ where exchangera0_.id=?
2017-05-09 13:02:38 DEBUG QuerySpacesImpl:174 - Adding QuerySpace : uid = <gen:0> -> org.hibernate.loader.plan.build.internal.spaces.EntityQuerySpaceImpl@7726e185]
2017-05-09 13:02:38 DEBUG MetamodelGraphWalker:137 - Visiting attribute path : baseCurrency
2017-05-09 13:02:38 DEBUG QuerySpacesImpl:174 - Adding QuerySpace : uid = <gen:1> -> org.hibernate.loader.plan.build.internal.spaces.EntityQuerySpaceImpl@282308c3]
2017-05-09 13:02:38 DEBUG MetamodelGraphWalker:137 - Visiting attribute path : rate
2017-05-09 13:02:38 DEBUG MetamodelGraphWalker:137 - Visiting attribute path : termCurrency
2017-05-09 13:02:38 DEBUG QuerySpacesImpl:174 - Adding QuerySpace : uid = <gen:2> -> org.hibernate.loader.plan.build.internal.spaces.EntityQuerySpaceImpl@5dda14d0]
2017-05-09 13:02:38 DEBUG FetchStyleLoadPlanBuildingAssociationVisitationStrategy:150 - Building LoadPlan...
2017-05-09 13:02:38 DEBUG LoadQueryJoinAndFetchProcessor:101 - processing queryspace <gen:0>
2017-05-09 13:02:38 DEBUG LoadPlanTreePrinter:55 - LoadPlan(entity=au.com.fx.converter.domain.ExchangeRate)
    - Returns
       - EntityReturnImpl(entity=au.com.fx.converter.domain.ExchangeRate, querySpaceUid=<gen:0>, path=au.com.fx.converter.domain.ExchangeRate)
          - EntityAttributeFetchImpl(entity=au.com.fx.converter.domain.Currency, querySpaceUid=<gen:1>, path=au.com.fx.converter.domain.ExchangeRate.baseCurrency)
          - EntityAttributeFetchImpl(entity=au.com.fx.converter.domain.Currency, querySpaceUid=<gen:2>, path=au.com.fx.converter.domain.ExchangeRate.termCurrency)
    - QuerySpaces
       - EntityQuerySpaceImpl(uid=<gen:0>, entity=au.com.fx.converter.domain.ExchangeRate)
          - SQL table alias mapping - exchangera0_
          - alias suffix - 0_
          - suffixed key columns - {id1_2_0_}

2017-05-09 13:02:38 DEBUG EntityLoader:115 - Static select for entity au.com.fx.converter.domain.ExchangeRate [OPTIMISTIC_FORCE_INCREMENT]: select exchangera0_.id as id1_2_0_, exchangera0_.baseCurrency_id as baseCurr3_2_0_, exchangera0_.rate as rate2_2_0_, exchangera0_.termCurrency_id as termCurr4_2_0_ from ExchangeRate exchangera0_ where exchangera0_.id=?
2017-05-09 13:02:38 DEBUG Loader:38 - Static select for action ACTION_MERGE on entity au.com.fx.converter.domain.ExchangeRate: select exchangera0_.id as id1_2_2_, exchangera0_.baseCurrency_id as baseCurr3_2_2_, exchangera0_.rate as rate2_2_2_, exchangera0_.termCurrency_id as termCurr4_2_2_, currency1_.id as id1_1_0_, currency1_.code as code2_1_0_, currency1_.country as country3_1_0_, currency1_.decimalPlaces as decimalP4_1_0_, currency1_.description as descript5_1_0_, currency2_.id as id1_1_1_, currency2_.code as code2_1_1_, currency2_.country as country3_1_1_, currency2_.decimalPlaces as decimalP4_1_1_, currency2_.description as descript5_1_1_ from ExchangeRate exchangera0_ inner join Currency currency1_ on exchangera0_.baseCurrency_id=currency1_.id inner join Currency currency2_ on exchangera0_.termCurrency_id=currency2_.id where exchangera0_.id=?
2017-05-09 13:02:38 DEBUG Loader:38 - Static select for action ACTION_REFRESH on entity au.com.fx.converter.domain.ExchangeRate: select exchangera0_.id as id1_2_0_, exchangera0_.baseCurrency_id as baseCurr3_2_0_, exchangera0_.rate as rate2_2_0_, exchangera0_.termCurrency_id as termCurr4_2_0_ from ExchangeRate exchangera0_ where exchangera0_.id=?
2017-05-09 13:02:38 DEBUG SQL:92 - create table ConversionChart (id bigint not null, conversionType varchar(255) not null, destinationCurrency_id bigint not null, referenceCurrency_id bigint, sourceCurrency_id bigint not null, primary key (id))
2017-05-09 13:02:38 DEBUG SQL:92 - create table Currency (id bigint not null, code varchar(255) not null, country varchar(255), decimalPlaces integer not null, description varchar(255), primary key (id))
2017-05-09 13:02:38 DEBUG SQL:92 - create table ExchangeRate (id bigint not null, rate numeric not null, baseCurrency_id bigint not null, termCurrency_id bigint not null, primary key (id))
2017-05-09 13:02:38 DEBUG SQL:92 - alter table ConversionChart drop constraint UK6me7c9micmcr50at1hqv5w5nk
2017-05-09 13:02:38 DEBUG SQL:92 - alter table ConversionChart add constraint UK6me7c9micmcr50at1hqv5w5nk unique (sourceCurrency_id, destinationCurrency_id)
2017-05-09 13:02:38 DEBUG SQL:92 - create sequence hibernate_sequence start with 1 increment by 1
2017-05-09 13:02:38 DEBUG SQL:92 - alter table ConversionChart add constraint FKrjlox8om3uxrspvsrco8vhmc5 foreign key (destinationCurrency_id) references Currency
2017-05-09 13:02:38 DEBUG SQL:92 - alter table ConversionChart add constraint FKmniydmxsuq8an6d1itj39ri3f foreign key (referenceCurrency_id) references Currency
2017-05-09 13:02:38 DEBUG SQL:92 - alter table ConversionChart add constraint FK8joi01dsidtusb2i10ksxlwoo foreign key (sourceCurrency_id) references Currency
2017-05-09 13:02:38 DEBUG SQL:92 - alter table ExchangeRate add constraint FKlydavc9vh96ying1jfxnabml3 foreign key (baseCurrency_id) references Currency
2017-05-09 13:02:38 DEBUG SQL:92 - alter table ExchangeRate add constraint FK13t7jw8r5wdk7eyfybmgkgwix foreign key (termCurrency_id) references Currency
2017-05-09 13:02:38 DEBUG JtaPlatformInitiator:42 - No JtaPlatform was specified, checking resolver
2017-05-09 13:02:38 DEBUG JtaPlatformResolverInitiator:33 - No JtaPlatformResolver was specified, using default [org.hibernate.engine.transaction.jta.platform.internal.StandardJtaPlatformResolver]
2017-05-09 13:02:38 DEBUG StandardJtaPlatformResolver:102 - Could not resolve JtaPlatform, using default [org.hibernate.engine.transaction.jta.platform.internal.NoJtaPlatform]
2017-05-09 13:02:38 DEBUG NamedQueryRepository:151 - Checking 0 named HQL queries
2017-05-09 13:02:38 DEBUG NamedQueryRepository:167 - Checking 0 named SQL queries
2017-05-09 13:02:38 DEBUG SessionFactoryRegistry:52 - Initializing SessionFactoryRegistry : org.hibernate.internal.SessionFactoryRegistry@3dedb4a6
2017-05-09 13:02:38 DEBUG SessionFactoryRegistry:74 - Registering SessionFactory: 30d6cbfd-a7b0-4836-ad05-1b06595080ca (<unnamed>)
2017-05-09 13:02:38 DEBUG SessionFactoryRegistry:81 - Not binding SessionFactory to JNDI, no JNDI name configured
2017-05-09 13:02:38 DEBUG StatisticsInitiator:82 - Statistics initialized [enabled=false]
2017-05-09 13:02:50 DEBUG CriteriaQueryImpl:307 - Rendered criteria query -> select generatedAlias0 from Currency as generatedAlias0 where generatedAlias0.code=:param0
2017-05-09 13:02:50 DEBUG QueryTranslatorFactoryInitiator:45 - QueryTranslatorFactory : org.hibernate.hql.internal.ast.ASTQueryTranslatorFactory@7a231dfd
2017-05-09 13:02:50 INFO  QueryTranslatorFactoryInitiator:47 - HHH000397: Using ASTQueryTranslatorFactory
2017-05-09 13:02:50 DEBUG QueryTranslatorImpl:282 - parse() - HQL: select generatedAlias0 from au.com.fx.converter.domain.Currency as generatedAlias0 where generatedAlias0.code=:param0
2017-05-09 13:02:50 DEBUG QueryTranslatorImpl:300 - --- HQL AST ---
 \-[QUERY] Node: 'query'
    +-[SELECT_FROM] Node: 'SELECT_FROM'
    |  +-[FROM] Node: 'from'
    |  |  \-[RANGE] Node: 'RANGE'
    |  |     +-[DOT] Node: '.'
    |  |     |  +-[DOT] Node: '.'
    |  |     |  |  +-[DOT] Node: '.'
    |  |     |  |  |  +-[DOT] Node: '.'
    |  |     |  |  |  |  +-[DOT] Node: '.'
    |  |     |  |  |  |  |  +-[IDENT] Node: 'au'
    |  |     |  |  |  |  |  \-[IDENT] Node: 'com'
    |  |     |  |  |  |  \-[IDENT] Node: 'fx'
    |  |     |  |  |  \-[IDENT] Node: 'converter'
    |  |     |  |  \-[IDENT] Node: 'domain'
    |  |     |  \-[IDENT] Node: 'Currency'
    |  |     \-[ALIAS] Node: 'generatedAlias0'
    |  \-[SELECT] Node: 'select'
    |     \-[IDENT] Node: 'generatedAlias0'
    \-[WHERE] Node: 'where'
       \-[EQ] Node: '='
          +-[DOT] Node: '.'
          |  +-[IDENT] Node: 'generatedAlias0'
          |  \-[IDENT] Node: 'code'
          \-[COLON] Node: ':'
             \-[IDENT] Node: 'param0'

2017-05-09 13:02:50 DEBUG ErrorCounter:95 - throwQueryException() : no errors
2017-05-09 13:02:50 DEBUG HqlSqlBaseWalker:124 - select << begin [level=1, statement=select]
2017-05-09 13:02:50 DEBUG FromElement:147 - FromClause{level=1} : au.com.fx.converter.domain.Currency (generatedAlias0) -> currency0_
2017-05-09 13:02:50 DEBUG FromReferenceNode:60 - Resolved : generatedAlias0 -> currency0_.id
2017-05-09 13:02:50 DEBUG FromReferenceNode:60 - Resolved : generatedAlias0 -> currency0_.id
2017-05-09 13:02:50 DEBUG DotNode:666 - getDataType() : code -> org.hibernate.type.StringType@5a7fe64f
2017-05-09 13:02:50 DEBUG FromReferenceNode:60 - Resolved : generatedAlias0.code -> currency0_.code
2017-05-09 13:02:50 DEBUG HqlSqlBaseWalker:128 - select : finishing up [level=1, statement=select]
2017-05-09 13:02:50 DEBUG HqlSqlWalker:745 - processQuery() :  ( SELECT ( {select clause} currency0_.id ) ( FromClause{level=1} Currency currency0_ ) ( where ( = ( currency0_.code currency0_.id code ) ? ) ) )
2017-05-09 13:02:50 DEBUG JoinProcessor:187 - Using FROM fragment [Currency currency0_]
2017-05-09 13:02:50 DEBUG HqlSqlBaseWalker:132 - select >> end [level=1, statement=select]
2017-05-09 13:02:50 DEBUG QueryTranslatorImpl:269 - --- SQL AST ---
 \-[SELECT] QueryNode: 'SELECT'  querySpaces (Currency)
    +-[SELECT_CLAUSE] SelectClause: '{select clause}'
    |  +-[ALIAS_REF] IdentNode: 'currency0_.id as id1_1_' {alias=generatedAlias0, className=au.com.fx.converter.domain.Currency, tableAlias=currency0_}
    |  \-[SQL_TOKEN] SqlFragment: 'currency0_.code as code2_1_, currency0_.country as country3_1_, currency0_.decimalPlaces as decimalP4_1_, currency0_.description as descript5_1_'
    +-[FROM] FromClause: 'from' FromClause{level=1, fromElementCounter=1, fromElements=1, fromElementByClassAlias=[generatedAlias0], fromElementByTableAlias=[currency0_], fromElementsByPath=[], collectionJoinFromElementsByPath=[], impliedElements=[]}
    |  \-[FROM_FRAGMENT] FromElement: 'Currency currency0_' FromElement{explicit,not a collection join,not a fetch join,fetch non-lazy properties,classAlias=generatedAlias0,role=null,tableName=Currency,tableAlias=currency0_,origin=null,columns={,className=au.com.fx.converter.domain.Currency}}
    \-[WHERE] SqlNode: 'where'
       \-[EQ] BinaryLogicOperatorNode: '='
          +-[DOT] DotNode: 'currency0_.code' {propertyName=code,dereferenceType=PRIMITIVE,getPropertyPath=code,path=generatedAlias0.code,tableAlias=currency0_,className=au.com.fx.converter.domain.Currency,classAlias=generatedAlias0}
          |  +-[ALIAS_REF] IdentNode: 'currency0_.id' {alias=generatedAlias0, className=au.com.fx.converter.domain.Currency, tableAlias=currency0_}
          |  \-[IDENT] IdentNode: 'code' {originalText=code}
          \-[NAMED_PARAM] ParameterNode: '?' {name=param0, expectedType=org.hibernate.type.StringType@5a7fe64f}

2017-05-09 13:02:50 DEBUG ErrorCounter:95 - throwQueryException() : no errors
2017-05-09 13:02:50 DEBUG QueryTranslatorImpl:251 - HQL: select generatedAlias0 from au.com.fx.converter.domain.Currency as generatedAlias0 where generatedAlias0.code=:param0
2017-05-09 13:02:50 DEBUG QueryTranslatorImpl:252 - SQL: select currency0_.id as id1_1_, currency0_.code as code2_1_, currency0_.country as country3_1_, currency0_.decimalPlaces as decimalP4_1_, currency0_.description as descript5_1_ from Currency currency0_ where currency0_.code=?
2017-05-09 13:02:50 DEBUG ErrorCounter:95 - throwQueryException() : no errors
2017-05-09 13:02:51 DEBUG SQL:92 - select currency0_.id as id1_1_, currency0_.code as code2_1_, currency0_.country as country3_1_, currency0_.decimalPlaces as decimalP4_1_, currency0_.description as descript5_1_ from Currency currency0_ where currency0_.code=?
2017-05-09 13:02:51 DEBUG Loader:384 - Result set row: 0
2017-05-09 13:02:51 DEBUG Loader:1527 - Result row: EntityKey[au.com.fx.converter.domain.Currency#1]
2017-05-09 13:02:51 DEBUG TwoPhaseLoad:141 - Resolving associations for [au.com.fx.converter.domain.Currency#1]
2017-05-09 13:02:51 DEBUG TwoPhaseLoad:281 - Done materializing entity [au.com.fx.converter.domain.Currency#1]
2017-05-09 13:02:51 DEBUG CriteriaQueryImpl:307 - Rendered criteria query -> select generatedAlias0 from Currency as generatedAlias0 where generatedAlias0.code=:param0
2017-05-09 13:02:51 DEBUG SQL:92 - select currency0_.id as id1_1_, currency0_.code as code2_1_, currency0_.country as country3_1_, currency0_.decimalPlaces as decimalP4_1_, currency0_.description as descript5_1_ from Currency currency0_ where currency0_.code=?
2017-05-09 13:02:51 DEBUG Loader:384 - Result set row: 0
2017-05-09 13:02:51 DEBUG Loader:1527 - Result row: EntityKey[au.com.fx.converter.domain.Currency#6]
2017-05-09 13:02:51 DEBUG TwoPhaseLoad:141 - Resolving associations for [au.com.fx.converter.domain.Currency#6]
2017-05-09 13:02:51 DEBUG TwoPhaseLoad:281 - Done materializing entity [au.com.fx.converter.domain.Currency#6]
2017-05-09 13:02:51 DEBUG CriteriaQueryImpl:307 - Rendered criteria query -> select generatedAlias0 from ConversionChart as generatedAlias0 left join generatedAlias0.sourceCurrency as generatedAlias1 left join generatedAlias0.destinationCurrency as generatedAlias2 where ( generatedAlias1=:param0 ) and ( generatedAlias2=:param1 )
2017-05-09 13:02:51 DEBUG QueryTranslatorImpl:282 - parse() - HQL: select generatedAlias0 from au.com.fx.converter.domain.ConversionChart as generatedAlias0 left join generatedAlias0.sourceCurrency as generatedAlias1 left join generatedAlias0.destinationCurrency as generatedAlias2 where ( generatedAlias1=:param0 ) and ( generatedAlias2=:param1 )
2017-05-09 13:02:51 DEBUG QueryTranslatorImpl:300 - --- HQL AST ---
 \-[QUERY] Node: 'query'
    +-[SELECT_FROM] Node: 'SELECT_FROM'
    |  +-[FROM] Node: 'from'
    |  |  +-[RANGE] Node: 'RANGE'
    |  |  |  +-[DOT] Node: '.'
    |  |  |  |  +-[DOT] Node: '.'
    |  |  |  |  |  +-[DOT] Node: '.'
    |  |  |  |  |  |  +-[DOT] Node: '.'
    |  |  |  |  |  |  |  +-[DOT] Node: '.'
    |  |  |  |  |  |  |  |  +-[IDENT] Node: 'au'
    |  |  |  |  |  |  |  |  \-[IDENT] Node: 'com'
    |  |  |  |  |  |  |  \-[IDENT] Node: 'fx'
    |  |  |  |  |  |  \-[IDENT] Node: 'converter'
    |  |  |  |  |  \-[IDENT] Node: 'domain'
    |  |  |  |  \-[IDENT] Node: 'ConversionChart'
    |  |  |  \-[ALIAS] Node: 'generatedAlias0'
    |  |  +-[JOIN] Node: 'join'
    |  |  |  +-[LEFT] Node: 'left'
    |  |  |  +-[DOT] Node: '.'
    |  |  |  |  +-[IDENT] Node: 'generatedAlias0'
    |  |  |  |  \-[IDENT] Node: 'sourceCurrency'
    |  |  |  \-[ALIAS] Node: 'generatedAlias1'
    |  |  \-[JOIN] Node: 'join'
    |  |     +-[LEFT] Node: 'left'
    |  |     +-[DOT] Node: '.'
    |  |     |  +-[IDENT] Node: 'generatedAlias0'
    |  |     |  \-[IDENT] Node: 'destinationCurrency'
    |  |     \-[ALIAS] Node: 'generatedAlias2'
    |  \-[SELECT] Node: 'select'
    |     \-[IDENT] Node: 'generatedAlias0'
    \-[WHERE] Node: 'where'
       \-[AND] Node: 'and'
          +-[EQ] Node: '='
          |  +-[IDENT] Node: 'generatedAlias1'
          |  \-[COLON] Node: ':'
          |     \-[IDENT] Node: 'param0'
          \-[EQ] Node: '='
             +-[IDENT] Node: 'generatedAlias2'
             \-[COLON] Node: ':'
                \-[IDENT] Node: 'param1'

2017-05-09 13:02:51 DEBUG ErrorCounter:95 - throwQueryException() : no errors
2017-05-09 13:02:51 DEBUG HqlSqlBaseWalker:124 - select << begin [level=1, statement=select]
2017-05-09 13:02:51 DEBUG FromElement:147 - FromClause{level=1} : au.com.fx.converter.domain.ConversionChart (generatedAlias0) -> conversion0_
2017-05-09 13:02:51 DEBUG FromReferenceNode:60 - Resolved : generatedAlias0 -> conversion0_.id
2017-05-09 13:02:51 DEBUG DotNode:666 - getDataType() : sourceCurrency -> org.hibernate.type.ManyToOneType(au.com.fx.converter.domain.Currency)
2017-05-09 13:02:51 DEBUG DotNode:432 - dereferenceEntityJoin() : generating join for sourceCurrency in au.com.fx.converter.domain.ConversionChart (generatedAlias1) parent = [ {null} ]
2017-05-09 13:02:51 DEBUG FromElement:147 - FromClause{level=1} : au.com.fx.converter.domain.Currency (generatedAlias1) -> currency1_
2017-05-09 13:02:51 DEBUG FromClause:287 - addJoinByPathMap() : generatedAlias0.sourceCurrency -> FromElement{explicit,not a collection join,not a fetch join,fetch non-lazy properties,classAlias=generatedAlias1,role=null,tableName=Currency,tableAlias=currency1_,origin=ConversionChart conversion0_,columns={conversion0_.sourceCurrency_id ,className=au.com.fx.converter.domain.Currency}}
2017-05-09 13:02:51 DEBUG FromReferenceNode:60 - Resolved : generatedAlias0.sourceCurrency -> conversion0_.sourceCurrency_id
2017-05-09 13:02:51 DEBUG HqlSqlWalker:433 - createFromJoinElement() : -- join tree --
 \-[JOIN_FRAGMENT] FromElement: 'Currency currency1_' FromElement{explicit,not a collection join,not a fetch join,fetch non-lazy properties,classAlias=generatedAlias1,role=au.com.fx.converter.domain.ConversionChart.sourceCurrency,tableName=Currency,tableAlias=currency1_,origin=ConversionChart conversion0_,columns={conversion0_.sourceCurrency_id ,className=au.com.fx.converter.domain.Currency}}

2017-05-09 13:02:51 DEBUG FromReferenceNode:60 - Resolved : generatedAlias0 -> conversion0_.id
2017-05-09 13:02:51 DEBUG DotNode:666 - getDataType() : destinationCurrency -> org.hibernate.type.ManyToOneType(au.com.fx.converter.domain.Currency)
2017-05-09 13:02:51 DEBUG DotNode:432 - dereferenceEntityJoin() : generating join for destinationCurrency in au.com.fx.converter.domain.ConversionChart (generatedAlias2) parent = [ {null} ]
2017-05-09 13:02:51 DEBUG FromElement:147 - FromClause{level=1} : au.com.fx.converter.domain.Currency (generatedAlias2) -> currency2_
2017-05-09 13:02:51 DEBUG FromClause:287 - addJoinByPathMap() : generatedAlias0.destinationCurrency -> FromElement{explicit,not a collection join,not a fetch join,fetch non-lazy properties,classAlias=generatedAlias2,role=null,tableName=Currency,tableAlias=currency2_,origin=ConversionChart conversion0_,columns={conversion0_.destinationCurrency_id ,className=au.com.fx.converter.domain.Currency}}
2017-05-09 13:02:51 DEBUG FromReferenceNode:60 - Resolved : generatedAlias0.destinationCurrency -> conversion0_.destinationCurrency_id
2017-05-09 13:02:51 DEBUG HqlSqlWalker:433 - createFromJoinElement() : -- join tree --
 \-[JOIN_FRAGMENT] FromElement: 'Currency currency2_' FromElement{explicit,not a collection join,not a fetch join,fetch non-lazy properties,classAlias=generatedAlias2,role=au.com.fx.converter.domain.ConversionChart.destinationCurrency,tableName=Currency,tableAlias=currency2_,origin=ConversionChart conversion0_,columns={conversion0_.destinationCurrency_id ,className=au.com.fx.converter.domain.Currency}}

2017-05-09 13:02:51 DEBUG FromReferenceNode:60 - Resolved : generatedAlias0 -> conversion0_.id
2017-05-09 13:02:51 DEBUG FromReferenceNode:60 - Resolved : generatedAlias1 -> currency1_.id
2017-05-09 13:02:51 DEBUG FromReferenceNode:60 - Resolved : generatedAlias2 -> currency2_.id
2017-05-09 13:02:51 DEBUG HqlSqlBaseWalker:128 - select : finishing up [level=1, statement=select]
2017-05-09 13:02:51 DEBUG HqlSqlWalker:745 - processQuery() :  ( SELECT ( {select clause} conversion0_.id ) ( FromClause{level=1} ( ConversionChart conversion0_ Currency currency1_ Currency currency2_ ) ) ( where ( and ( = currency1_.id ? ) ( = currency2_.id ? ) ) ) )
2017-05-09 13:02:51 DEBUG JoinProcessor:187 - Using FROM fragment [ConversionChart conversion0_]
2017-05-09 13:02:51 DEBUG JoinProcessor:187 - Using FROM fragment [left outer join Currency currency1_ on conversion0_.sourceCurrency_id=currency1_.id]
2017-05-09 13:02:51 DEBUG JoinProcessor:187 - Using FROM fragment [left outer join Currency currency2_ on conversion0_.destinationCurrency_id=currency2_.id]
2017-05-09 13:02:51 DEBUG HqlSqlBaseWalker:132 - select >> end [level=1, statement=select]
2017-05-09 13:02:51 DEBUG QueryTranslatorImpl:269 - --- SQL AST ---
 \-[SELECT] QueryNode: 'SELECT'  querySpaces (ConversionChart,Currency)
    +-[SELECT_CLAUSE] SelectClause: '{select clause}'
    |  +-[ALIAS_REF] IdentNode: 'conversion0_.id as id1_0_' {alias=generatedAlias0, className=au.com.fx.converter.domain.ConversionChart, tableAlias=conversion0_}
    |  \-[SQL_TOKEN] SqlFragment: 'conversion0_.conversionType as conversi2_0_, conversion0_.destinationCurrency_id as destinat3_0_, conversion0_.referenceCurrency_id as referenc4_0_, conversion0_.sourceCurrency_id as sourceCu5_0_'
    +-[FROM] FromClause: 'from' FromClause{level=1, fromElementCounter=3, fromElements=3, fromElementByClassAlias=[generatedAlias0, generatedAlias2, generatedAlias1], fromElementByTableAlias=[conversion0_, currency2_, currency1_], fromElementsByPath=[generatedAlias0.sourceCurrency, generatedAlias0.destinationCurrency], collectionJoinFromElementsByPath=[], impliedElements=[]}
    |  \-[FROM_FRAGMENT] FromElement: 'ConversionChart conversion0_' FromElement{explicit,not a collection join,not a fetch join,fetch non-lazy properties,classAlias=generatedAlias0,role=null,tableName=ConversionChart,tableAlias=conversion0_,origin=null,columns={,className=au.com.fx.converter.domain.ConversionChart}}
    |     +-[JOIN_FRAGMENT] FromElement: 'left outer join Currency currency1_ on conversion0_.sourceCurrency_id=currency1_.id' FromElement{explicit,not a collection join,not a fetch join,fetch non-lazy properties,classAlias=generatedAlias1,role=au.com.fx.converter.domain.ConversionChart.sourceCurrency,tableName=Currency,tableAlias=currency1_,origin=ConversionChart conversion0_,columns={conversion0_.sourceCurrency_id ,className=au.com.fx.converter.domain.Currency}}
    |     \-[JOIN_FRAGMENT] FromElement: 'left outer join Currency currency2_ on conversion0_.destinationCurrency_id=currency2_.id' FromElement{explicit,not a collection join,not a fetch join,fetch non-lazy properties,classAlias=generatedAlias2,role=au.com.fx.converter.domain.ConversionChart.destinationCurrency,tableName=Currency,tableAlias=currency2_,origin=ConversionChart conversion0_,columns={conversion0_.destinationCurrency_id ,className=au.com.fx.converter.domain.Currency}}
    \-[WHERE] SqlNode: 'where'
       \-[AND] SqlNode: 'and'
          +-[EQ] BinaryLogicOperatorNode: '='
          |  +-[ALIAS_REF] IdentNode: 'currency1_.id' {alias=generatedAlias1, className=au.com.fx.converter.domain.Currency, tableAlias=currency1_}
          |  \-[NAMED_PARAM] ParameterNode: '?' {name=param0, expectedType=org.hibernate.type.ManyToOneType(au.com.fx.converter.domain.Currency)}
          \-[EQ] BinaryLogicOperatorNode: '='
             +-[ALIAS_REF] IdentNode: 'currency2_.id' {alias=generatedAlias2, className=au.com.fx.converter.domain.Currency, tableAlias=currency2_}
             \-[NAMED_PARAM] ParameterNode: '?' {name=param1, expectedType=org.hibernate.type.ManyToOneType(au.com.fx.converter.domain.Currency)}

2017-05-09 13:02:51 DEBUG ErrorCounter:95 - throwQueryException() : no errors
2017-05-09 13:02:51 DEBUG QueryTranslatorImpl:251 - HQL: select generatedAlias0 from au.com.fx.converter.domain.ConversionChart as generatedAlias0 left join generatedAlias0.sourceCurrency as generatedAlias1 left join generatedAlias0.destinationCurrency as generatedAlias2 where ( generatedAlias1=:param0 ) and ( generatedAlias2=:param1 )
2017-05-09 13:02:51 DEBUG QueryTranslatorImpl:252 - SQL: select conversion0_.id as id1_0_, conversion0_.conversionType as conversi2_0_, conversion0_.destinationCurrency_id as destinat3_0_, conversion0_.referenceCurrency_id as referenc4_0_, conversion0_.sourceCurrency_id as sourceCu5_0_ from ConversionChart conversion0_ left outer join Currency currency1_ on conversion0_.sourceCurrency_id=currency1_.id left outer join Currency currency2_ on conversion0_.destinationCurrency_id=currency2_.id where currency1_.id=? and currency2_.id=?
2017-05-09 13:02:51 DEBUG ErrorCounter:95 - throwQueryException() : no errors
2017-05-09 13:02:51 DEBUG SQL:92 - select conversion0_.id as id1_0_, conversion0_.conversionType as conversi2_0_, conversion0_.destinationCurrency_id as destinat3_0_, conversion0_.referenceCurrency_id as referenc4_0_, conversion0_.sourceCurrency_id as sourceCu5_0_ from ConversionChart conversion0_ left outer join Currency currency1_ on conversion0_.sourceCurrency_id=currency1_.id left outer join Currency currency2_ on conversion0_.destinationCurrency_id=currency2_.id where currency1_.id=? and currency2_.id=?
2017-05-09 13:02:51 DEBUG Loader:384 - Result set row: 0
2017-05-09 13:02:51 DEBUG Loader:1527 - Result row: EntityKey[au.com.fx.converter.domain.ConversionChart#6]
2017-05-09 13:02:51 DEBUG TwoPhaseLoad:141 - Resolving associations for [au.com.fx.converter.domain.ConversionChart#6]
2017-05-09 13:02:51 DEBUG SQL:92 - select currency0_.id as id1_1_0_, currency0_.code as code2_1_0_, currency0_.country as country3_1_0_, currency0_.decimalPlaces as decimalP4_1_0_, currency0_.description as descript5_1_0_ from Currency currency0_ where currency0_.id=?
2017-05-09 13:02:51 DEBUG ResultSetProcessorImpl:120 - Starting ResultSet row #0
2017-05-09 13:02:51 DEBUG EntityReferenceInitializerImpl:126 - On call to EntityIdentifierReaderImpl#resolve, EntityKey was already known; should only happen on root returns with an optional identifier specified
2017-05-09 13:02:51 DEBUG TwoPhaseLoad:141 - Resolving associations for [au.com.fx.converter.domain.Currency#6]
2017-05-09 13:02:51 DEBUG TwoPhaseLoad:281 - Done materializing entity [au.com.fx.converter.domain.Currency#6]
2017-05-09 13:02:51 DEBUG ResourceRegistryStandardImpl:73 - HHH000387: ResultSet's statement was not registered
2017-05-09 13:02:51 DEBUG AbstractLoadPlanBasedEntityLoader:189 - Done entity load : au.com.fx.converter.domain.Currency#6
2017-05-09 13:02:51 DEBUG SQL:92 - select currency0_.id as id1_1_0_, currency0_.code as code2_1_0_, currency0_.country as country3_1_0_, currency0_.decimalPlaces as decimalP4_1_0_, currency0_.description as descript5_1_0_ from Currency currency0_ where currency0_.id=?
2017-05-09 13:02:51 DEBUG ResultSetProcessorImpl:120 - Starting ResultSet row #0
2017-05-09 13:02:51 DEBUG EntityReferenceInitializerImpl:126 - On call to EntityIdentifierReaderImpl#resolve, EntityKey was already known; should only happen on root returns with an optional identifier specified
2017-05-09 13:02:51 DEBUG TwoPhaseLoad:141 - Resolving associations for [au.com.fx.converter.domain.Currency#11]
2017-05-09 13:02:51 DEBUG TwoPhaseLoad:281 - Done materializing entity [au.com.fx.converter.domain.Currency#11]
2017-05-09 13:02:51 DEBUG ResourceRegistryStandardImpl:73 - HHH000387: ResultSet's statement was not registered
2017-05-09 13:02:51 DEBUG AbstractLoadPlanBasedEntityLoader:189 - Done entity load : au.com.fx.converter.domain.Currency#11
2017-05-09 13:02:51 DEBUG SQL:92 - select currency0_.id as id1_1_0_, currency0_.code as code2_1_0_, currency0_.country as country3_1_0_, currency0_.decimalPlaces as decimalP4_1_0_, currency0_.description as descript5_1_0_ from Currency currency0_ where currency0_.id=?
2017-05-09 13:02:51 DEBUG ResultSetProcessorImpl:120 - Starting ResultSet row #0
2017-05-09 13:02:51 DEBUG EntityReferenceInitializerImpl:126 - On call to EntityIdentifierReaderImpl#resolve, EntityKey was already known; should only happen on root returns with an optional identifier specified
2017-05-09 13:02:51 DEBUG TwoPhaseLoad:141 - Resolving associations for [au.com.fx.converter.domain.Currency#1]
2017-05-09 13:02:51 DEBUG TwoPhaseLoad:281 - Done materializing entity [au.com.fx.converter.domain.Currency#1]
2017-05-09 13:02:51 DEBUG ResourceRegistryStandardImpl:73 - HHH000387: ResultSet's statement was not registered
2017-05-09 13:02:51 DEBUG AbstractLoadPlanBasedEntityLoader:189 - Done entity load : au.com.fx.converter.domain.Currency#1
2017-05-09 13:02:51 DEBUG TwoPhaseLoad:281 - Done materializing entity [au.com.fx.converter.domain.ConversionChart#6]
2017-05-09 13:02:51 DEBUG CriteriaQueryImpl:307 - Rendered criteria query -> select generatedAlias0 from ConversionChart as generatedAlias0 left join generatedAlias0.sourceCurrency as generatedAlias1 left join generatedAlias0.destinationCurrency as generatedAlias2 where ( generatedAlias1=:param0 ) and ( generatedAlias2=:param1 )
2017-05-09 13:02:51 DEBUG SQL:92 - select conversion0_.id as id1_0_, conversion0_.conversionType as conversi2_0_, conversion0_.destinationCurrency_id as destinat3_0_, conversion0_.referenceCurrency_id as referenc4_0_, conversion0_.sourceCurrency_id as sourceCu5_0_ from ConversionChart conversion0_ left outer join Currency currency1_ on conversion0_.sourceCurrency_id=currency1_.id left outer join Currency currency2_ on conversion0_.destinationCurrency_id=currency2_.id where currency1_.id=? and currency2_.id=?
2017-05-09 13:02:51 DEBUG Loader:384 - Result set row: 0
2017-05-09 13:02:51 DEBUG Loader:1527 - Result row: EntityKey[au.com.fx.converter.domain.ConversionChart#11]
2017-05-09 13:02:51 DEBUG TwoPhaseLoad:141 - Resolving associations for [au.com.fx.converter.domain.ConversionChart#11]
2017-05-09 13:02:51 DEBUG SQL:92 - select currency0_.id as id1_1_0_, currency0_.code as code2_1_0_, currency0_.country as country3_1_0_, currency0_.decimalPlaces as decimalP4_1_0_, currency0_.description as descript5_1_0_ from Currency currency0_ where currency0_.id=?
2017-05-09 13:02:51 DEBUG ResultSetProcessorImpl:120 - Starting ResultSet row #0
2017-05-09 13:02:51 DEBUG EntityReferenceInitializerImpl:126 - On call to EntityIdentifierReaderImpl#resolve, EntityKey was already known; should only happen on root returns with an optional identifier specified
2017-05-09 13:02:51 DEBUG TwoPhaseLoad:141 - Resolving associations for [au.com.fx.converter.domain.Currency#11]
2017-05-09 13:02:51 DEBUG TwoPhaseLoad:281 - Done materializing entity [au.com.fx.converter.domain.Currency#11]
2017-05-09 13:02:51 DEBUG ResourceRegistryStandardImpl:73 - HHH000387: ResultSet's statement was not registered
2017-05-09 13:02:51 DEBUG AbstractLoadPlanBasedEntityLoader:189 - Done entity load : au.com.fx.converter.domain.Currency#11
2017-05-09 13:02:51 DEBUG SQL:92 - select currency0_.id as id1_1_0_, currency0_.code as code2_1_0_, currency0_.country as country3_1_0_, currency0_.decimalPlaces as decimalP4_1_0_, currency0_.description as descript5_1_0_ from Currency currency0_ where currency0_.id=?
2017-05-09 13:02:51 DEBUG ResultSetProcessorImpl:120 - Starting ResultSet row #0
2017-05-09 13:02:51 DEBUG EntityReferenceInitializerImpl:126 - On call to EntityIdentifierReaderImpl#resolve, EntityKey was already known; should only happen on root returns with an optional identifier specified
2017-05-09 13:02:51 DEBUG TwoPhaseLoad:141 - Resolving associations for [au.com.fx.converter.domain.Currency#1]
2017-05-09 13:02:51 DEBUG TwoPhaseLoad:281 - Done materializing entity [au.com.fx.converter.domain.Currency#1]
2017-05-09 13:02:51 DEBUG ResourceRegistryStandardImpl:73 - HHH000387: ResultSet's statement was not registered
2017-05-09 13:02:51 DEBUG AbstractLoadPlanBasedEntityLoader:189 - Done entity load : au.com.fx.converter.domain.Currency#1
2017-05-09 13:02:51 DEBUG TwoPhaseLoad:281 - Done materializing entity [au.com.fx.converter.domain.ConversionChart#11]
2017-05-09 13:02:51 DEBUG CriteriaQueryImpl:307 - Rendered criteria query -> select generatedAlias0 from ExchangeRate as generatedAlias0 left join generatedAlias0.baseCurrency as generatedAlias1 left join generatedAlias0.termCurrency as generatedAlias2 where ( generatedAlias1=:param0 ) and ( generatedAlias2=:param1 )
2017-05-09 13:02:51 DEBUG QueryTranslatorImpl:282 - parse() - HQL: select generatedAlias0 from au.com.fx.converter.domain.ExchangeRate as generatedAlias0 left join generatedAlias0.baseCurrency as generatedAlias1 left join generatedAlias0.termCurrency as generatedAlias2 where ( generatedAlias1=:param0 ) and ( generatedAlias2=:param1 )
2017-05-09 13:02:51 DEBUG QueryTranslatorImpl:300 - --- HQL AST ---
 \-[QUERY] Node: 'query'
    +-[SELECT_FROM] Node: 'SELECT_FROM'
    |  +-[FROM] Node: 'from'
    |  |  +-[RANGE] Node: 'RANGE'
    |  |  |  +-[DOT] Node: '.'
    |  |  |  |  +-[DOT] Node: '.'
    |  |  |  |  |  +-[DOT] Node: '.'
    |  |  |  |  |  |  +-[DOT] Node: '.'
    |  |  |  |  |  |  |  +-[DOT] Node: '.'
    |  |  |  |  |  |  |  |  +-[IDENT] Node: 'au'
    |  |  |  |  |  |  |  |  \-[IDENT] Node: 'com'
    |  |  |  |  |  |  |  \-[IDENT] Node: 'fx'
    |  |  |  |  |  |  \-[IDENT] Node: 'converter'
    |  |  |  |  |  \-[IDENT] Node: 'domain'
    |  |  |  |  \-[IDENT] Node: 'ExchangeRate'
    |  |  |  \-[ALIAS] Node: 'generatedAlias0'
    |  |  +-[JOIN] Node: 'join'
    |  |  |  +-[LEFT] Node: 'left'
    |  |  |  +-[DOT] Node: '.'
    |  |  |  |  +-[IDENT] Node: 'generatedAlias0'
    |  |  |  |  \-[IDENT] Node: 'baseCurrency'
    |  |  |  \-[ALIAS] Node: 'generatedAlias1'
    |  |  \-[JOIN] Node: 'join'
    |  |     +-[LEFT] Node: 'left'
    |  |     +-[DOT] Node: '.'
    |  |     |  +-[IDENT] Node: 'generatedAlias0'
    |  |     |  \-[IDENT] Node: 'termCurrency'
    |  |     \-[ALIAS] Node: 'generatedAlias2'
    |  \-[SELECT] Node: 'select'
    |     \-[IDENT] Node: 'generatedAlias0'
    \-[WHERE] Node: 'where'
       \-[AND] Node: 'and'
          +-[EQ] Node: '='
          |  +-[IDENT] Node: 'generatedAlias1'
          |  \-[COLON] Node: ':'
          |     \-[IDENT] Node: 'param0'
          \-[EQ] Node: '='
             +-[IDENT] Node: 'generatedAlias2'
             \-[COLON] Node: ':'
                \-[IDENT] Node: 'param1'

2017-05-09 13:02:51 DEBUG ErrorCounter:95 - throwQueryException() : no errors
2017-05-09 13:02:51 DEBUG HqlSqlBaseWalker:124 - select << begin [level=1, statement=select]
2017-05-09 13:02:51 DEBUG FromElement:147 - FromClause{level=1} : au.com.fx.converter.domain.ExchangeRate (generatedAlias0) -> exchangera0_
2017-05-09 13:02:51 DEBUG FromReferenceNode:60 - Resolved : generatedAlias0 -> exchangera0_.id
2017-05-09 13:02:51 DEBUG DotNode:666 - getDataType() : baseCurrency -> org.hibernate.type.ManyToOneType(au.com.fx.converter.domain.Currency)
2017-05-09 13:02:51 DEBUG DotNode:432 - dereferenceEntityJoin() : generating join for baseCurrency in au.com.fx.converter.domain.ExchangeRate (generatedAlias1) parent = [ {null} ]
2017-05-09 13:02:51 DEBUG FromElement:147 - FromClause{level=1} : au.com.fx.converter.domain.Currency (generatedAlias1) -> currency1_
2017-05-09 13:02:51 DEBUG FromClause:287 - addJoinByPathMap() : generatedAlias0.baseCurrency -> FromElement{explicit,not a collection join,not a fetch join,fetch non-lazy properties,classAlias=generatedAlias1,role=null,tableName=Currency,tableAlias=currency1_,origin=ExchangeRate exchangera0_,columns={exchangera0_.baseCurrency_id ,className=au.com.fx.converter.domain.Currency}}
2017-05-09 13:02:51 DEBUG FromReferenceNode:60 - Resolved : generatedAlias0.baseCurrency -> exchangera0_.baseCurrency_id
2017-05-09 13:02:51 DEBUG HqlSqlWalker:433 - createFromJoinElement() : -- join tree --
 \-[JOIN_FRAGMENT] FromElement: 'Currency currency1_' FromElement{explicit,not a collection join,not a fetch join,fetch non-lazy properties,classAlias=generatedAlias1,role=au.com.fx.converter.domain.ExchangeRate.baseCurrency,tableName=Currency,tableAlias=currency1_,origin=ExchangeRate exchangera0_,columns={exchangera0_.baseCurrency_id ,className=au.com.fx.converter.domain.Currency}}

2017-05-09 13:02:51 DEBUG FromReferenceNode:60 - Resolved : generatedAlias0 -> exchangera0_.id
2017-05-09 13:02:51 DEBUG DotNode:666 - getDataType() : termCurrency -> org.hibernate.type.ManyToOneType(au.com.fx.converter.domain.Currency)
2017-05-09 13:02:51 DEBUG DotNode:432 - dereferenceEntityJoin() : generating join for termCurrency in au.com.fx.converter.domain.ExchangeRate (generatedAlias2) parent = [ {null} ]
2017-05-09 13:02:51 DEBUG FromElement:147 - FromClause{level=1} : au.com.fx.converter.domain.Currency (generatedAlias2) -> currency2_
2017-05-09 13:02:51 DEBUG FromClause:287 - addJoinByPathMap() : generatedAlias0.termCurrency -> FromElement{explicit,not a collection join,not a fetch join,fetch non-lazy properties,classAlias=generatedAlias2,role=null,tableName=Currency,tableAlias=currency2_,origin=ExchangeRate exchangera0_,columns={exchangera0_.termCurrency_id ,className=au.com.fx.converter.domain.Currency}}
2017-05-09 13:02:51 DEBUG FromReferenceNode:60 - Resolved : generatedAlias0.termCurrency -> exchangera0_.termCurrency_id
2017-05-09 13:02:51 DEBUG HqlSqlWalker:433 - createFromJoinElement() : -- join tree --
 \-[JOIN_FRAGMENT] FromElement: 'Currency currency2_' FromElement{explicit,not a collection join,not a fetch join,fetch non-lazy properties,classAlias=generatedAlias2,role=au.com.fx.converter.domain.ExchangeRate.termCurrency,tableName=Currency,tableAlias=currency2_,origin=ExchangeRate exchangera0_,columns={exchangera0_.termCurrency_id ,className=au.com.fx.converter.domain.Currency}}

2017-05-09 13:02:51 DEBUG FromReferenceNode:60 - Resolved : generatedAlias0 -> exchangera0_.id
2017-05-09 13:02:51 DEBUG FromReferenceNode:60 - Resolved : generatedAlias1 -> currency1_.id
2017-05-09 13:02:51 DEBUG FromReferenceNode:60 - Resolved : generatedAlias2 -> currency2_.id
2017-05-09 13:02:51 DEBUG HqlSqlBaseWalker:128 - select : finishing up [level=1, statement=select]
2017-05-09 13:02:51 DEBUG HqlSqlWalker:745 - processQuery() :  ( SELECT ( {select clause} exchangera0_.id ) ( FromClause{level=1} ( ExchangeRate exchangera0_ Currency currency1_ Currency currency2_ ) ) ( where ( and ( = currency1_.id ? ) ( = currency2_.id ? ) ) ) )
2017-05-09 13:02:51 DEBUG JoinProcessor:187 - Using FROM fragment [ExchangeRate exchangera0_]
2017-05-09 13:02:51 DEBUG JoinProcessor:187 - Using FROM fragment [left outer join Currency currency1_ on exchangera0_.baseCurrency_id=currency1_.id]
2017-05-09 13:02:51 DEBUG JoinProcessor:187 - Using FROM fragment [left outer join Currency currency2_ on exchangera0_.termCurrency_id=currency2_.id]
2017-05-09 13:02:51 DEBUG HqlSqlBaseWalker:132 - select >> end [level=1, statement=select]
2017-05-09 13:02:51 DEBUG QueryTranslatorImpl:269 - --- SQL AST ---
 \-[SELECT] QueryNode: 'SELECT'  querySpaces (ExchangeRate,Currency)
    +-[SELECT_CLAUSE] SelectClause: '{select clause}'
    |  +-[ALIAS_REF] IdentNode: 'exchangera0_.id as id1_2_' {alias=generatedAlias0, className=au.com.fx.converter.domain.ExchangeRate, tableAlias=exchangera0_}
    |  \-[SQL_TOKEN] SqlFragment: 'exchangera0_.baseCurrency_id as baseCurr3_2_, exchangera0_.rate as rate2_2_, exchangera0_.termCurrency_id as termCurr4_2_'
    +-[FROM] FromClause: 'from' FromClause{level=1, fromElementCounter=3, fromElements=3, fromElementByClassAlias=[generatedAlias0, generatedAlias2, generatedAlias1], fromElementByTableAlias=[exchangera0_, currency2_, currency1_], fromElementsByPath=[generatedAlias0.baseCurrency, generatedAlias0.termCurrency], collectionJoinFromElementsByPath=[], impliedElements=[]}
    |  \-[FROM_FRAGMENT] FromElement: 'ExchangeRate exchangera0_' FromElement{explicit,not a collection join,not a fetch join,fetch non-lazy properties,classAlias=generatedAlias0,role=null,tableName=ExchangeRate,tableAlias=exchangera0_,origin=null,columns={,className=au.com.fx.converter.domain.ExchangeRate}}
    |     +-[JOIN_FRAGMENT] FromElement: 'left outer join Currency currency1_ on exchangera0_.baseCurrency_id=currency1_.id' FromElement{explicit,not a collection join,not a fetch join,fetch non-lazy properties,classAlias=generatedAlias1,role=au.com.fx.converter.domain.ExchangeRate.baseCurrency,tableName=Currency,tableAlias=currency1_,origin=ExchangeRate exchangera0_,columns={exchangera0_.baseCurrency_id ,className=au.com.fx.converter.domain.Currency}}
    |     \-[JOIN_FRAGMENT] FromElement: 'left outer join Currency currency2_ on exchangera0_.termCurrency_id=currency2_.id' FromElement{explicit,not a collection join,not a fetch join,fetch non-lazy properties,classAlias=generatedAlias2,role=au.com.fx.converter.domain.ExchangeRate.termCurrency,tableName=Currency,tableAlias=currency2_,origin=ExchangeRate exchangera0_,columns={exchangera0_.termCurrency_id ,className=au.com.fx.converter.domain.Currency}}
    \-[WHERE] SqlNode: 'where'
       \-[AND] SqlNode: 'and'
          +-[EQ] BinaryLogicOperatorNode: '='
          |  +-[ALIAS_REF] IdentNode: 'currency1_.id' {alias=generatedAlias1, className=au.com.fx.converter.domain.Currency, tableAlias=currency1_}
          |  \-[NAMED_PARAM] ParameterNode: '?' {name=param0, expectedType=org.hibernate.type.ManyToOneType(au.com.fx.converter.domain.Currency)}
          \-[EQ] BinaryLogicOperatorNode: '='
             +-[ALIAS_REF] IdentNode: 'currency2_.id' {alias=generatedAlias2, className=au.com.fx.converter.domain.Currency, tableAlias=currency2_}
             \-[NAMED_PARAM] ParameterNode: '?' {name=param1, expectedType=org.hibernate.type.ManyToOneType(au.com.fx.converter.domain.Currency)}

2017-05-09 13:02:51 DEBUG ErrorCounter:95 - throwQueryException() : no errors
2017-05-09 13:02:51 DEBUG QueryTranslatorImpl:251 - HQL: select generatedAlias0 from au.com.fx.converter.domain.ExchangeRate as generatedAlias0 left join generatedAlias0.baseCurrency as generatedAlias1 left join generatedAlias0.termCurrency as generatedAlias2 where ( generatedAlias1=:param0 ) and ( generatedAlias2=:param1 )
2017-05-09 13:02:51 DEBUG QueryTranslatorImpl:252 - SQL: select exchangera0_.id as id1_2_, exchangera0_.baseCurrency_id as baseCurr3_2_, exchangera0_.rate as rate2_2_, exchangera0_.termCurrency_id as termCurr4_2_ from ExchangeRate exchangera0_ left outer join Currency currency1_ on exchangera0_.baseCurrency_id=currency1_.id left outer join Currency currency2_ on exchangera0_.termCurrency_id=currency2_.id where currency1_.id=? and currency2_.id=?
2017-05-09 13:02:51 DEBUG ErrorCounter:95 - throwQueryException() : no errors
2017-05-09 13:02:51 DEBUG SQL:92 - select exchangera0_.id as id1_2_, exchangera0_.baseCurrency_id as baseCurr3_2_, exchangera0_.rate as rate2_2_, exchangera0_.termCurrency_id as termCurr4_2_ from ExchangeRate exchangera0_ left outer join Currency currency1_ on exchangera0_.baseCurrency_id=currency1_.id left outer join Currency currency2_ on exchangera0_.termCurrency_id=currency2_.id where currency1_.id=? and currency2_.id=?
2017-05-09 13:02:51 DEBUG Loader:384 - Result set row: 0
2017-05-09 13:02:51 DEBUG Loader:1527 - Result row: EntityKey[au.com.fx.converter.domain.ExchangeRate#1]
2017-05-09 13:02:51 DEBUG TwoPhaseLoad:141 - Resolving associations for [au.com.fx.converter.domain.ExchangeRate#1]
2017-05-09 13:02:51 DEBUG SQL:92 - select currency0_.id as id1_1_0_, currency0_.code as code2_1_0_, currency0_.country as country3_1_0_, currency0_.decimalPlaces as decimalP4_1_0_, currency0_.description as descript5_1_0_ from Currency currency0_ where currency0_.id=?
2017-05-09 13:02:51 DEBUG ResultSetProcessorImpl:120 - Starting ResultSet row #0
2017-05-09 13:02:51 DEBUG EntityReferenceInitializerImpl:126 - On call to EntityIdentifierReaderImpl#resolve, EntityKey was already known; should only happen on root returns with an optional identifier specified
2017-05-09 13:02:51 DEBUG TwoPhaseLoad:141 - Resolving associations for [au.com.fx.converter.domain.Currency#1]
2017-05-09 13:02:51 DEBUG TwoPhaseLoad:281 - Done materializing entity [au.com.fx.converter.domain.Currency#1]
2017-05-09 13:02:51 DEBUG ResourceRegistryStandardImpl:73 - HHH000387: ResultSet's statement was not registered
2017-05-09 13:02:51 DEBUG AbstractLoadPlanBasedEntityLoader:189 - Done entity load : au.com.fx.converter.domain.Currency#1
2017-05-09 13:02:51 DEBUG SQL:92 - select currency0_.id as id1_1_0_, currency0_.code as code2_1_0_, currency0_.country as country3_1_0_, currency0_.decimalPlaces as decimalP4_1_0_, currency0_.description as descript5_1_0_ from Currency currency0_ where currency0_.id=?
2017-05-09 13:02:51 DEBUG ResultSetProcessorImpl:120 - Starting ResultSet row #0
2017-05-09 13:02:51 DEBUG EntityReferenceInitializerImpl:126 - On call to EntityIdentifierReaderImpl#resolve, EntityKey was already known; should only happen on root returns with an optional identifier specified
2017-05-09 13:02:51 DEBUG TwoPhaseLoad:141 - Resolving associations for [au.com.fx.converter.domain.Currency#11]
2017-05-09 13:02:51 DEBUG TwoPhaseLoad:281 - Done materializing entity [au.com.fx.converter.domain.Currency#11]
2017-05-09 13:02:51 DEBUG ResourceRegistryStandardImpl:73 - HHH000387: ResultSet's statement was not registered
2017-05-09 13:02:51 DEBUG AbstractLoadPlanBasedEntityLoader:189 - Done entity load : au.com.fx.converter.domain.Currency#11
2017-05-09 13:02:51 DEBUG TwoPhaseLoad:281 - Done materializing entity [au.com.fx.converter.domain.ExchangeRate#1]
2017-05-09 13:02:51 DEBUG CriteriaQueryImpl:307 - Rendered criteria query -> select generatedAlias0 from ConversionChart as generatedAlias0 left join generatedAlias0.sourceCurrency as generatedAlias1 left join generatedAlias0.destinationCurrency as generatedAlias2 where ( generatedAlias1=:param0 ) and ( generatedAlias2=:param1 )
2017-05-09 13:02:51 DEBUG SQL:92 - select conversion0_.id as id1_0_, conversion0_.conversionType as conversi2_0_, conversion0_.destinationCurrency_id as destinat3_0_, conversion0_.referenceCurrency_id as referenc4_0_, conversion0_.sourceCurrency_id as sourceCu5_0_ from ConversionChart conversion0_ left outer join Currency currency1_ on conversion0_.sourceCurrency_id=currency1_.id left outer join Currency currency2_ on conversion0_.destinationCurrency_id=currency2_.id where currency1_.id=? and currency2_.id=?
2017-05-09 13:02:51 DEBUG Loader:384 - Result set row: 0
2017-05-09 13:02:51 DEBUG Loader:1527 - Result row: EntityKey[au.com.fx.converter.domain.ConversionChart#116]
2017-05-09 13:02:51 DEBUG TwoPhaseLoad:141 - Resolving associations for [au.com.fx.converter.domain.ConversionChart#116]
2017-05-09 13:02:51 DEBUG SQL:92 - select currency0_.id as id1_1_0_, currency0_.code as code2_1_0_, currency0_.country as country3_1_0_, currency0_.decimalPlaces as decimalP4_1_0_, currency0_.description as descript5_1_0_ from Currency currency0_ where currency0_.id=?
2017-05-09 13:02:51 DEBUG ResultSetProcessorImpl:120 - Starting ResultSet row #0
2017-05-09 13:02:51 DEBUG EntityReferenceInitializerImpl:126 - On call to EntityIdentifierReaderImpl#resolve, EntityKey was already known; should only happen on root returns with an optional identifier specified
2017-05-09 13:02:51 DEBUG TwoPhaseLoad:141 - Resolving associations for [au.com.fx.converter.domain.Currency#6]
2017-05-09 13:02:51 DEBUG TwoPhaseLoad:281 - Done materializing entity [au.com.fx.converter.domain.Currency#6]
2017-05-09 13:02:51 DEBUG ResourceRegistryStandardImpl:73 - HHH000387: ResultSet's statement was not registered
2017-05-09 13:02:51 DEBUG AbstractLoadPlanBasedEntityLoader:189 - Done entity load : au.com.fx.converter.domain.Currency#6
2017-05-09 13:02:51 DEBUG SQL:92 - select currency0_.id as id1_1_0_, currency0_.code as code2_1_0_, currency0_.country as country3_1_0_, currency0_.decimalPlaces as decimalP4_1_0_, currency0_.description as descript5_1_0_ from Currency currency0_ where currency0_.id=?
2017-05-09 13:02:51 DEBUG ResultSetProcessorImpl:120 - Starting ResultSet row #0
2017-05-09 13:02:51 DEBUG EntityReferenceInitializerImpl:126 - On call to EntityIdentifierReaderImpl#resolve, EntityKey was already known; should only happen on root returns with an optional identifier specified
2017-05-09 13:02:51 DEBUG TwoPhaseLoad:141 - Resolving associations for [au.com.fx.converter.domain.Currency#11]
2017-05-09 13:02:51 DEBUG TwoPhaseLoad:281 - Done materializing entity [au.com.fx.converter.domain.Currency#11]
2017-05-09 13:02:51 DEBUG ResourceRegistryStandardImpl:73 - HHH000387: ResultSet's statement was not registered
2017-05-09 13:02:51 DEBUG AbstractLoadPlanBasedEntityLoader:189 - Done entity load : au.com.fx.converter.domain.Currency#11
2017-05-09 13:02:51 DEBUG TwoPhaseLoad:281 - Done materializing entity [au.com.fx.converter.domain.ConversionChart#116]
2017-05-09 13:02:51 DEBUG CriteriaQueryImpl:307 - Rendered criteria query -> select generatedAlias0 from ExchangeRate as generatedAlias0 left join generatedAlias0.baseCurrency as generatedAlias1 left join generatedAlias0.termCurrency as generatedAlias2 where ( generatedAlias1=:param0 ) and ( generatedAlias2=:param1 )
2017-05-09 13:02:51 DEBUG SQL:92 - select exchangera0_.id as id1_2_, exchangera0_.baseCurrency_id as baseCurr3_2_, exchangera0_.rate as rate2_2_, exchangera0_.termCurrency_id as termCurr4_2_ from ExchangeRate exchangera0_ left outer join Currency currency1_ on exchangera0_.baseCurrency_id=currency1_.id left outer join Currency currency2_ on exchangera0_.termCurrency_id=currency2_.id where currency1_.id=? and currency2_.id=?
2017-05-09 13:02:51 DEBUG Loader:384 - Result set row: 0
2017-05-09 13:02:51 DEBUG Loader:1527 - Result row: EntityKey[au.com.fx.converter.domain.ExchangeRate#4]
2017-05-09 13:02:51 DEBUG TwoPhaseLoad:141 - Resolving associations for [au.com.fx.converter.domain.ExchangeRate#4]
2017-05-09 13:02:51 DEBUG SQL:92 - select currency0_.id as id1_1_0_, currency0_.code as code2_1_0_, currency0_.country as country3_1_0_, currency0_.decimalPlaces as decimalP4_1_0_, currency0_.description as descript5_1_0_ from Currency currency0_ where currency0_.id=?
2017-05-09 13:02:51 DEBUG ResultSetProcessorImpl:120 - Starting ResultSet row #0
2017-05-09 13:02:51 DEBUG EntityReferenceInitializerImpl:126 - On call to EntityIdentifierReaderImpl#resolve, EntityKey was already known; should only happen on root returns with an optional identifier specified
2017-05-09 13:02:51 DEBUG TwoPhaseLoad:141 - Resolving associations for [au.com.fx.converter.domain.Currency#6]
2017-05-09 13:02:51 DEBUG TwoPhaseLoad:281 - Done materializing entity [au.com.fx.converter.domain.Currency#6]
2017-05-09 13:02:51 DEBUG ResourceRegistryStandardImpl:73 - HHH000387: ResultSet's statement was not registered
2017-05-09 13:02:51 DEBUG AbstractLoadPlanBasedEntityLoader:189 - Done entity load : au.com.fx.converter.domain.Currency#6
2017-05-09 13:02:51 DEBUG SQL:92 - select currency0_.id as id1_1_0_, currency0_.code as code2_1_0_, currency0_.country as country3_1_0_, currency0_.decimalPlaces as decimalP4_1_0_, currency0_.description as descript5_1_0_ from Currency currency0_ where currency0_.id=?
2017-05-09 13:02:51 DEBUG ResultSetProcessorImpl:120 - Starting ResultSet row #0
2017-05-09 13:02:51 DEBUG EntityReferenceInitializerImpl:126 - On call to EntityIdentifierReaderImpl#resolve, EntityKey was already known; should only happen on root returns with an optional identifier specified
2017-05-09 13:02:51 DEBUG TwoPhaseLoad:141 - Resolving associations for [au.com.fx.converter.domain.Currency#11]
2017-05-09 13:02:51 DEBUG TwoPhaseLoad:281 - Done materializing entity [au.com.fx.converter.domain.Currency#11]
2017-05-09 13:02:51 DEBUG ResourceRegistryStandardImpl:73 - HHH000387: ResultSet's statement was not registered
2017-05-09 13:02:51 DEBUG AbstractLoadPlanBasedEntityLoader:189 - Done entity load : au.com.fx.converter.domain.Currency#11
2017-05-09 13:02:51 DEBUG TwoPhaseLoad:281 - Done materializing entity [au.com.fx.converter.domain.ExchangeRate#4]
